<?xml version="1.0" ?>
<testsuites disabled="0" errors="0" failures="0" tests="614" time="9491.45947265625">
	<testsuite disabled="0" errors="0" failures="0" name="compile_and_test_for_samr21-xpro" skipped="368" tests="614" time="9491.45947265625">
		<testcase name="bootloaders/riotboot" time="4.605868" timestamp="1682347060.7775044" log="INFO:samr21-xpro.bootloaders/riotboot:Board supported: True
INFO:samr21-xpro.bootloaders/riotboot:Board has enough memory: True
INFO:samr21-xpro.bootloaders/riotboot:Application has test: False
">
			<skipped type="skipped" message="bootloaders/riotboot has no tests"/>
		</testcase>
		<testcase name="bootloaders/riotboot_dfu" time="3.714000" timestamp="1682347065.3833892">
			<skipped type="skipped" message="bootloaders/riotboot_dfu has no tests"/>
		</testcase>
		<testcase name="bootloaders/riotboot_serial" time="3.236756" timestamp="1682347069.0974019">
			<skipped type="skipped" message="bootloaders/riotboot_serial has no tests"/>
		</testcase>
		<testcase name="bootloaders/riotboot_tinyusb_dfu" time="3.487198" timestamp="1682347072.3341715">
			<skipped type="skipped" message="bootloaders/riotboot_tinyusb_dfu has no tests"/>
		</testcase>
		<testcase name="examples/arduino_hello-world" time="0.032437" timestamp="1682347075.8213847">
			<skipped type="skipped" message="Board not supported"/>
		</testcase>
		<testcase name="examples/asymcute_mqttsn" time="3.430861" timestamp="1682347075.8538356">
			<skipped type="skipped" message="examples/asymcute_mqttsn has no tests"/>
		</testcase>
		<testcase name="examples/benchmark_udp" time="3.188212" timestamp="1682347079.2847102">
			<skipped type="skipped" message="examples/benchmark_udp has no tests"/>
		</testcase>
		<testcase name="examples/bindist" time="3.225464" timestamp="1682347082.4729364">
			<skipped type="skipped" message="examples/bindist has no tests"/>
		</testcase>
		<testcase name="examples/blinky" time="3.807955" timestamp="1682347085.6984165">
			<skipped type="skipped" message="examples/blinky has no tests"/>
		</testcase>
		<testcase name="examples/ccn-lite-relay" time="3.430632" timestamp="1682347089.5063875">
			<skipped type="skipped" message="examples/ccn-lite-relay has no tests"/>
		</testcase>
		<testcase name="examples/cord_ep" time="3.267332" timestamp="1682347092.9370341">
			<skipped type="skipped" message="examples/cord_ep has no tests"/>
		</testcase>
		<testcase name="examples/cord_epsim" time="3.178327" timestamp="1682347096.2043817">
			<skipped type="skipped" message="examples/cord_epsim has no tests"/>
		</testcase>
		<testcase name="examples/cord_lc" time="3.313258" timestamp="1682347099.3827295">
			<skipped type="skipped" message="examples/cord_lc has no tests"/>
		</testcase>
		<testcase name="examples/default" time="3.142436" timestamp="1682347102.6960049">
			<skipped type="skipped" message="examples/default has no tests"/>
		</testcase>
		<testcase name="examples/dtls-echo" time="3.345577" timestamp="1682347105.838457">
			<skipped type="skipped" message="examples/dtls-echo has no tests"/>
		</testcase>
		<testcase name="examples/dtls-sock" time="3.204611" timestamp="1682347109.1840498">
			<skipped type="skipped" message="examples/dtls-sock has no tests"/>
		</testcase>
		<testcase name="examples/dtls-wolfssl" time="3.261081" timestamp="1682347112.388678">
			<skipped type="skipped" message="examples/dtls-wolfssl has no tests"/>
		</testcase>
		<testcase name="examples/emcute_mqttsn" time="3.222928" timestamp="1682347115.6497867">
			<skipped type="skipped" message="examples/emcute_mqttsn has no tests"/>
		</testcase>
		<testcase name="examples/filesystem" time="3.116643" timestamp="1682347118.87273">
			<skipped type="skipped" message="examples/filesystem has no tests"/>
		</testcase>
		<testcase name="examples/gcoap" time="3.221254" timestamp="1682347121.9893882">
			<skipped type="skipped" message="examples/gcoap has no tests"/>
		</testcase>
		<testcase name="examples/gcoap_block_server" time="3.191180" timestamp="1682347125.2106824">
			<skipped type="skipped" message="examples/gcoap_block_server has no tests"/>
		</testcase>
		<testcase name="examples/gcoap_dtls" time="3.213047" timestamp="1682347128.4018795">
			<skipped type="skipped" message="examples/gcoap_dtls has no tests"/>
		</testcase>
		<testcase name="examples/gcoap_fileserver" time="3.187693" timestamp="1682347131.6149418">
			<skipped type="skipped" message="examples/gcoap_fileserver has no tests"/>
		</testcase>
		<testcase name="examples/gnrc_border_router" time="3.206470" timestamp="1682347134.8026505">
			<skipped type="skipped" message="examples/gnrc_border_router has no tests"/>
		</testcase>
		<testcase name="examples/gnrc_lorawan" time="3.155303" timestamp="1682347138.0091395">
			<skipped type="skipped" message="examples/gnrc_lorawan has no tests"/>
		</testcase>
		<testcase name="examples/gnrc_minimal" time="3.144146" timestamp="1682347141.1644578">
			<skipped type="skipped" message="examples/gnrc_minimal has no tests"/>
		</testcase>
		<testcase name="examples/gnrc_networking" time="3.198958" timestamp="1682347144.3086224">
			<skipped type="skipped" message="examples/gnrc_networking has no tests"/>
		</testcase>
		<testcase name="examples/gnrc_networking_mac" time="3.184858" timestamp="1682347147.5075967">
			<skipped type="skipped" message="examples/gnrc_networking_mac has no tests"/>
		</testcase>
		<testcase name="examples/gnrc_networking_subnets" time="3.151289" timestamp="1682347150.692472">
			<skipped type="skipped" message="examples/gnrc_networking_subnets has no tests"/>
		</testcase>
		<testcase name="examples/hello-world" time="3.201950" timestamp="1682347153.843787">
			<skipped type="skipped" message="examples/hello-world has no tests"/>
		</testcase>
		<testcase name="examples/ipc_pingpong" time="3.103818" timestamp="1682347157.0457542">
			<skipped type="skipped" message="examples/ipc_pingpong has no tests"/>
		</testcase>
		<testcase name="examples/javascript" time="3.159185" timestamp="1682347160.1495895">
			<skipped type="skipped" message="examples/javascript has no tests"/>
		</testcase>
		<testcase name="examples/lorawan" time="3.181088" timestamp="1682347163.3087952">
			<skipped type="skipped" message="examples/lorawan has no tests"/>
		</testcase>
		<testcase name="examples/lua_REPL" time="1.572961" timestamp="1682347166.4899008">
			<skipped type="skipped" message="Board has not enough memory to carry application"/>
		</testcase>
		<testcase name="examples/lua_basic" time="3.136293" timestamp="1682347168.0628784">
			<skipped type="skipped" message="examples/lua_basic has no tests"/>
		</testcase>
		<testcase name="examples/micropython" time="90.697263" timestamp="1682347171.199188">
			<system-out>
ssh -t rici@saclay.iot-lab.info 'socat - tcp:samr21-10.saclay.iot-lab.info:20000' 
main(): This is RIOT! (Version: buildtest)
-- Executing boot.py
boot.py: MicroPython says hello!
-- boot.py exited. Starting REPL..
MicroPython bb8e51f on 2023-04-24; riot-samr21-xpro with samd21
Type &quot;help()&quot; for more information.
&gt;&gt;&gt; print(&quot;echo this! &quot; * 4)
print(&quot;echo this! &quot; * 4)
echo this! echo this! echo this! echo this! 
&gt;&gt;&gt; import riot
print(riot.thread_getpid())
import riot
&gt;&gt;&gt; print(riot.thread_getpid())
1
&gt;&gt;&gt; import utime
import utime
&gt;&gt;&gt; utime.time()
utime.time()
796
&gt;&gt;&gt; utime.sleep_ms(0)
utime.sleep_ms(0)
&gt;&gt;&gt; utime.time()
utime.time()
1072
&gt;&gt;&gt; test_sleep(0, 1000): slept 276ms
utime.time()
utime.time()
1210
&gt;&gt;&gt; utime.sleep_ms(50)
utime.sleep_ms(50)
&gt;&gt;&gt; utime.time()
utime.time()
1537
&gt;&gt;&gt; test_sleep(50, 303): slept 327ms
utime.time()
utime.time()
1674
&gt;&gt;&gt; utime.sleep_ms(250)
utime.sleep_ms(250)
&gt;&gt;&gt; utime.time()
utime.time()
2201
&gt;&gt;&gt; test_sleep(250, 303): slept 527ms
utime.time()
utime.time()
2340
&gt;&gt;&gt; utime.sleep_ms(500)
utime.sleep_ms(500)
&gt;&gt;&gt; utime.time()
utime.time()
3119
&gt;&gt;&gt; test_sleep(500, 303): slept 779ms
import xtimer
import xtimer
&gt;&gt;&gt; a = 0
a = 0
&gt;&gt;&gt; def inc_a(): global a; a+=1
def inc_a(): global a; a+=1
... 

&gt;&gt;&gt; t = xtimer.xtimer(inc_a)
t = xtimer.xtimer(inc_a)
&gt;&gt;&gt; utime.time()
utime.time()
3955
&gt;&gt;&gt; t.set(500000)
t.set(500000)
&gt;&gt;&gt; while a==0: pass
while a==0: pass
... 

&gt;&gt;&gt; utime.time()
utime.time()
4731
&gt;&gt;&gt; [TEST PASSED]


</system-out>
		</testcase>
		<testcase name="examples/nanocoap_server" time="3.194047" timestamp="1682347261.8964782">
			<skipped type="skipped" message="examples/nanocoap_server has no tests"/>
		</testcase>
		<testcase name="examples/ndn-ping" time="3.143629" timestamp="1682347265.0905433">
			<skipped type="skipped" message="examples/ndn-ping has no tests"/>
		</testcase>
		<testcase name="examples/nimble_gatt" time="0.024103" timestamp="1682347268.2341902">
			<skipped type="skipped" message="Board not supported"/>
		</testcase>
		<testcase name="examples/nimble_heart_rate_sensor" time="0.029212" timestamp="1682347268.2583094">
			<skipped type="skipped" message="Board not supported"/>
		</testcase>
		<testcase name="examples/nimble_scanner" time="0.024987" timestamp="1682347268.2875378">
			<skipped type="skipped" message="Board not supported"/>
		</testcase>
		<testcase name="examples/openthread" time="3.163817" timestamp="1682347268.3125412">
			<skipped type="skipped" message="examples/openthread has no tests"/>
		</testcase>
		<testcase name="examples/paho-mqtt" time="3.216836" timestamp="1682347271.4763758">
			<skipped type="skipped" message="examples/paho-mqtt has no tests"/>
		</testcase>
		<testcase name="examples/posix_select" time="3.174223" timestamp="1682347274.6932287">
			<skipped type="skipped" message="examples/posix_select has no tests"/>
		</testcase>
		<testcase name="examples/posix_sockets" time="3.214784" timestamp="1682347277.8674679">
			<skipped type="skipped" message="examples/posix_sockets has no tests"/>
		</testcase>
		<testcase name="examples/riot_and_cpp" time="3.132277" timestamp="1682347281.082269">
			<skipped type="skipped" message="examples/riot_and_cpp has no tests"/>
		</testcase>
		<testcase name="examples/rust-gcoap" time="3.211528" timestamp="1682347284.2145634">
			<skipped type="skipped" message="examples/rust-gcoap has no tests"/>
		</testcase>
		<testcase name="examples/rust-hello-world" time="3.142119" timestamp="1682347287.4261098">
			<skipped type="skipped" message="examples/rust-hello-world has no tests"/>
		</testcase>
		<testcase name="examples/saul" time="3.194195" timestamp="1682347290.5682454">
			<skipped type="skipped" message="examples/saul has no tests"/>
		</testcase>
		<testcase name="examples/senml_saul" time="3.140557" timestamp="1682347293.762464">
			<skipped type="skipped" message="examples/senml_saul has no tests"/>
		</testcase>
		<testcase name="examples/skald_eddystone" time="0.021931" timestamp="1682347296.9030359">
			<skipped type="skipped" message="Board not supported"/>
		</testcase>
		<testcase name="examples/skald_ibeacon" time="0.021200" timestamp="1682347296.9249833">
			<skipped type="skipped" message="Board not supported"/>
		</testcase>
		<testcase name="examples/sniffer" time="3.186535" timestamp="1682347296.9461982">
			<skipped type="skipped" message="examples/sniffer has no tests"/>
		</testcase>
		<testcase name="examples/spectrum-scanner" time="3.153625" timestamp="1682347300.1327496">
			<skipped type="skipped" message="examples/spectrum-scanner has no tests"/>
		</testcase>
		<testcase name="examples/suit_update" time="3.248746" timestamp="1682347303.2863903">
			<skipped type="skipped" message="examples/suit_update has no tests"/>
		</testcase>
		<testcase name="examples/telnet_server" time="0.054487" timestamp="1682347306.5351522">
			<skipped type="skipped" message="Board not supported"/>
		</testcase>
		<testcase name="examples/thread_duel" time="3.166399" timestamp="1682347306.5896542">
			<skipped type="skipped" message="examples/thread_duel has no tests"/>
		</testcase>
		<testcase name="examples/timer_periodic_wakeup" time="3.149260" timestamp="1682347309.7560694">
			<skipped type="skipped" message="examples/timer_periodic_wakeup has no tests"/>
		</testcase>
		<testcase name="examples/twr_aloha" time="3.152241" timestamp="1682347312.9053447">
			<skipped type="skipped" message="examples/twr_aloha has no tests"/>
		</testcase>
		<testcase name="examples/usbus_minimal" time="3.151159" timestamp="1682347316.057603">
			<skipped type="skipped" message="examples/usbus_minimal has no tests"/>
		</testcase>
		<testcase name="examples/wakaama" time="3.270696" timestamp="1682347319.2087781">
			<skipped type="skipped" message="examples/wakaama has no tests"/>
		</testcase>
		<testcase name="examples/wasm" time="3.197364" timestamp="1682347322.4794898">
			<skipped type="skipped" message="examples/wasm has no tests"/>
		</testcase>
		<testcase name="fuzzing/gcoap" time="0.016366" timestamp="1682347325.6768687">
			<skipped type="skipped" message="Board not supported"/>
		</testcase>
		<testcase name="fuzzing/gnrc_tcp" time="0.016273" timestamp="1682347325.6932485">
			<skipped type="skipped" message="Board not supported"/>
		</testcase>
		<testcase name="fuzzing/uri_parser" time="0.016542" timestamp="1682347325.7095356">
			<skipped type="skipped" message="Board not supported"/>
		</testcase>
		<testcase name="tests/backtrace" time="0.013504" timestamp="1682347325.7260928">
			<skipped type="skipped" message="Board not supported"/>
		</testcase>
		<testcase name="tests/bench_msg_pingpong" time="27.160112" timestamp="1682347325.739611">
			<system-out>
r
ssh -t rici@saclay.iot-lab.info 'socat - tcp:samr21-10.saclay.iot-lab.info:20000' 
READY
s
START
main(): This is RIOT! (Version: buildtest)
main starting
{ &quot;result&quot; : 55135, &quot;ticks&quot; : 870 }


</system-out>
		</testcase>
		<testcase name="tests/bench_mutex_pingpong" time="27.186157" timestamp="1682347352.8997455">
			<system-out>
r
ssh -t rici@saclay.iot-lab.info 'socat - tcp:samr21-10.saclay.iot-lab.info:20000' 
READY
s
START
main(): This is RIOT! (Version: buildtest)
main starting
{ &quot;result&quot; : 58071, &quot;ticks&quot; : 826 }

</system-out>
		</testcase>
		<testcase name="tests/bench_periph_gpio_ll" time="0.019819" timestamp="1682347380.085926">
			<skipped type="skipped" message="Board not supported"/>
		</testcase>
		<testcase name="tests/bench_runtime_coreapis" time="41.798700" timestamp="1682347380.105762">
			<system-out>
r
ssh -t rici@saclay.iot-lab.info 'socat - tcp:samr21-10.saclay.iot-lab.info:20000' 
READY
s
START
main(): This is RIOT! (Version: buildtest)
Runtime of Selected Core API functions

                 nop loop:    104246us  ---   0.104us per call  ---    9592694 calls per sec

             mutex_init():         9us  ---   0.000us per call  ---  3736928711 calls per sec
        mutex lock/unlock:   1834640us  ---   1.834us per call  ---     545066 calls per sec

       thread_flags_set():    938162us  ---   0.938us per call  ---    1065913 calls per sec
     thread_flags_clear():   1125801us  ---   1.125us per call  ---     888256 calls per sec
thread flags set/wait any:   3043837us  ---   3.043us per call  ---     328532 calls per sec
thread flags set/wait all:   2585178us  ---   2.585us per call  ---     386820 calls per sec
thread flags set/wait one:   3085547us  ---   3.085us per call  ---     324091 calls per sec

        msg_try_receive():   1626137us  ---   1.626us per call  ---     614954 calls per sec
              msg_avail():    375267us  ---   0.375us per call  ---    2664769 calls per sec

[SUCCESS]
{ &quot;threads&quot;: [{ &quot;name&quot;: &quot;main&quot;, &quot;stack_size&quot;: 1536, &quot;stack_used&quot;: 512 }]}


</system-out>
		</testcase>
		<testcase name="tests/bench_sched_nop" time="27.063994" timestamp="1682347421.9044845">
			<system-out>
r
ssh -t rici@saclay.iot-lab.info 'socat - tcp:samr21-10.saclay.iot-lab.info:20000' 
READY
s
START
main(): This is RIOT! (Version: buildtest)
main starting
{ &quot;result&quot; : 247256, &quot;ticks&quot; : 194 }


</system-out>
		</testcase>
		<testcase name="tests/bench_sizeof_coretypes" time="24.585986" timestamp="1682347448.9685023">
			<system-out>
r
ssh -t rici@saclay.iot-lab.info 'socat - tcp:samr21-10.saclay.iot-lab.info:20000' 
READY
s
START
main(): This is RIOT! (Version: buildtest)
Sizeof RIOT core types

                                size
sizeof(cib_t):                   12
sizeof(clist_node_t):             4
sizeof(core_panic_t):             1
sizeof(kernel_pid_t):             2
sizeof(list_node_t):              4
sizeof(mbox_t):                  24
sizeof(msg_t):                    8
sizeof(mutex_t):                  4
sizeof(priority_queue_node_t):   12
sizeof(priority_queue_t):         4
sizeof(ringbuffer_t):            16
sizeof(rmutex_t):                 8
sizeof(thread_flags_t):           0   (not enabled)

TCB (thread_t) details:         size  offset
sizeof(thread_t):                48       -
    tcb-&gt;sp                       4       0
    tcb-&gt;status                   1       4
    tcb-&gt;priority                 1       5
    tcb-&gt;pid                      2       6
    tcb-&gt;rq_entry                 4       8
    tcb-&gt;wait_data                4      12
    tcb-&gt;msg_waiters              4      16
    tcb-&gt;msg_queue               12      20
    tcb-&gt;msg_array                4      32
    tcb-&gt;stack_start              4      36
    tcb-&gt;name                     4      40
    tcb-&gt;stack_size               4      44

[SUCCESS]
{ &quot;threads&quot;: [{ &quot;name&quot;: &quot;main&quot;, &quot;stack_size&quot;: 1536, &quot;stack_used&quot;: 404 }]}


</system-out>
		</testcase>
		<testcase name="tests/bench_sys_atomic_utils" time="3.146960" timestamp="1682347473.5545118">
			<skipped type="skipped" message="tests/bench_sys_atomic_utils has no tests"/>
		</testcase>
		<testcase name="tests/bench_sys_base64" time="26.550952" timestamp="1682347476.701489">
			<system-out>
r
ssh -t rici@saclay.iot-lab.info 'socat - tcp:samr21-10.saclay.iot-lab.info:20000' 
READY
s
START
main(): This is RIOT! (Version: buildtest)
Verifying that base64 encoding works for benchmark input: OK
Verifying that base64 decoding works for benchmark input: OK
Encoding 1.000 x 96 bytes (128 bytes in base64): 109287 µs
Decoding 1.000 x 96 bytes (128 bytes in base64): 222005 µs


</system-out>
		</testcase>
		<testcase name="tests/bench_thread_flags_pingpong" time="26.937788" timestamp="1682347503.2524605">
			<system-out>
r
ssh -t rici@saclay.iot-lab.info 'socat - tcp:samr21-10.saclay.iot-lab.info:20000' 
READY
s
START
main(): This is RIOT! (Version: buildtest)
main starting
{ &quot;result&quot; : 60030, &quot;ticks&quot; : 799 }


</system-out>
		</testcase>
		<testcase name="tests/bench_thread_yield_pingpong" time="26.782286" timestamp="1682347530.190272">
			<system-out>
r
ssh -t rici@saclay.iot-lab.info 'socat - tcp:samr21-10.saclay.iot-lab.info:20000' 
READY
s
START
main(): This is RIOT! (Version: buildtest)
main starting
{ &quot;result&quot; : 80889, &quot;ticks&quot; : 593 }

</system-out>
		</testcase>
		<testcase name="tests/bench_timers" time="3.142200" timestamp="1682347556.9725745">
			<skipped type="skipped" message="tests/bench_timers has no tests"/>
		</testcase>
		<testcase name="tests/bench_xtimer" time="28.021709" timestamp="1682347560.11479">
			<system-out>
r
ssh -t rici@saclay.iot-lab.info 'socat - tcp:samr21-10.saclay.iot-lab.info:20000' 
READY
s
START
main(): This is RIOT! (Version: buildtest)
xtimer benchmark application.

                     set() one    27007 / 1000 = 27
                  remove() one     1802 / 1000 = 1
          set() + remove() one    49028 / 1000 = 49
  set() many increasing target   138240 / 1000 = 138
               re-set()  first    20100 / 1000 = 20
               re-set() middle   280985 / 1000 = 280
               re-set()   last   535451 / 1000 = 535
       remove() + set()  first    42268 / 1000 = 42
       remove() + set() middle   305062 / 1000 = 305
       remove() + set()   last   558303 / 1000 = 558
      remove() many decreasing   160520 / 1000 = 160
                  xtimer_now()     9009 / 1000 = 9
              sizeof(xtimer_t)    16000 / 1000 = 16
done.
{ &quot;threads&quot;: [{ &quot;name&quot;: &quot;main&quot;, &quot;stack_size&quot;: 1536, &quot;stack_used&quot;: 488 }]}


</system-out>
		</testcase>
		<testcase name="tests/bench_xtimer_load" time="36.075082" timestamp="1682347588.1365166">
			<system-out>
r
ssh -t rici@saclay.iot-lab.info 'socat - tcp:samr21-10.saclay.iot-lab.info:20000' 
READY
s
START
main(): This is RIOT! (Version: buildtest)
TEST_HZ=64
[START]
.
.
.
.
.
.
.
.
.
.
drift: min=0 max=38 final=0
jitter: min=-38 max=38 abs avg=7
[DONE]
{ &quot;threads&quot;: [{ &quot;name&quot;: &quot;main&quot;, &quot;stack_size&quot;: 1536, &quot;stack_used&quot;: 520 }]}


</system-out>
		</testcase>
		<testcase name="tests/bench_ztimer" time="27.185898" timestamp="1682347624.211617">
			<system-out>
r
ssh -t rici@saclay.iot-lab.info 'socat - tcp:samr21-10.saclay.iot-lab.info:20000' 
READY
s
START
main(): This is RIOT! (Version: buildtest)
ztimer benchmark application.

                     set() one    47009 / 1000 = 47
                  remove() one     1781 / 1000 = 1
          set() + remove() one    91009 / 1000 = 91
  set() many increasing target   142253 / 1000 = 142
               re-set()  first    47136 / 1000 = 47
               re-set() middle    47126 / 1000 = 47
               re-set()   last    47364 / 1000 = 47
       remove() + set()  first    90265 / 1000 = 90
       remove() + set() middle    90266 / 1000 = 90
       remove() + set()   last    90019 / 1000 = 90
      remove() many decreasing   159741 / 1000 = 159
                  ztimer_now()    13009 / 1000 = 13
              sizeof(ztimer_t)    16000 / 1000 = 16
done.
{ &quot;threads&quot;: [{ &quot;name&quot;: &quot;main&quot;, &quot;stack_size&quot;: 1536, &quot;stack_used&quot;: 464 }]}


</system-out>
		</testcase>
		<testcase name="tests/bitarithm_timings" time="26.997524" timestamp="1682347651.3976128">
			<system-out>
r
ssh -t rici@saclay.iot-lab.info 'socat - tcp:samr21-10.saclay.iot-lab.info:20000' 
READY
s
START
main(): This is RIOT! (Version: buildtest)
Start.
+ bitarithm_msb: 733000 iterations per second
+ bitarithm_lsb: 1912000 iterations per second
+ bitarithm_bits_set: 325000 iterations per second
+ bitarithm_test_and_clear: 315000 iterations per second
Done.
{ &quot;threads&quot;: [{ &quot;name&quot;: &quot;main&quot;, &quot;stack_size&quot;: 1536, &quot;stack_used&quot;: 484 }]}


</system-out>
		</testcase>
		<testcase name="tests/blob" time="24.705538" timestamp="1682347678.395162">
			<system-out>
r
ssh -t rici@saclay.iot-lab.info 'socat - tcp:samr21-10.saclay.iot-lab.info:20000' 
READY
s
START
main(): This is RIOT! (Version: buildtest)
Hello blob!

Hello blob_subdir!

0x00
0x01
0x02
0x03
0xFF
{ &quot;threads&quot;: [{ &quot;name&quot;: &quot;main&quot;, &quot;stack_size&quot;: 1536, &quot;stack_used&quot;: 260}]}


</system-out>
		</testcase>
		<testcase name="tests/bloom_bytes" time="31.280226" timestamp="1682347703.1007156">
			<system-out>
r
ssh -t rici@saclay.iot-lab.info 'socat - tcp:samr21-10.saclay.iot-lab.info:20000' 
READY
s
START
main(): This is RIOT! (Version: buildtest)
Testing Bloom filter.

m: 4096 k: 8

adding 512 elements took 274ms
checking 10000 elements took 2712ms

245 elements probably in the filter.
9755 elements not in the filter.
0.024500 false positive rate.

All done!
{ &quot;threads&quot;: [{ &quot;name&quot;: &quot;main&quot;, &quot;stack_size&quot;: 1536, &quot;stack_used&quot;: 440}]}


</system-out>
		</testcase>
		<testcase name="tests/board_microbit" time="0.015589" timestamp="1682347734.3809643">
			<skipped type="skipped" message="Board not supported"/>
		</testcase>
		<testcase name="tests/build_system_cflags_spaces" time="24.202124" timestamp="1682347734.3965678">
			<system-out>
r
ssh -t rici@saclay.iot-lab.info 'socat - tcp:samr21-10.saclay.iot-lab.info:20000' 
READY
s
START
main(): This is RIOT! (Version: buildtest)
The output of the configuration variables:
SUPER_STRING: I love sentences with spaces
DEFINED_AFTER_MAKEFILE_INCLUDE: 0
CFLAGS_STRING_FROM_DOCKER: 
{ &quot;threads&quot;: [{ &quot;name&quot;: &quot;main&quot;, &quot;stack_size&quot;: 1536, &quot;stack_used&quot;: 404 }]}


</system-out>
		</testcase>
		<testcase name="tests/build_system_utils" time="0.014253" timestamp="1682347758.598707">
			<skipped type="skipped" message="Board not supported"/>
		</testcase>
		<testcase name="tests/buttons" time="24.740766" timestamp="1682347758.6129742">
			<system-out>
r
ssh -t rici@saclay.iot-lab.info 'socat - tcp:samr21-10.saclay.iot-lab.info:20000' 
READY
s
START
main(): This is RIOT! (Version: buildtest)
On-board button test

 -- Available buttons: 1

 -- Try pressing buttons to test.

[SUCCESS]
{ &quot;threads&quot;: [{ &quot;name&quot;: &quot;main&quot;, &quot;stack_size&quot;: 1536, &quot;stack_used&quot;: 412 }]}


</system-out>
		</testcase>
		<testcase name="tests/c11_atomics_cpp_compat" time="3.261772" timestamp="1682347783.3537598">
			<skipped type="skipped" message="tests/c11_atomics_cpp_compat has no tests"/>
		</testcase>
		<testcase name="tests/can_trx" time="3.198199" timestamp="1682347786.6155481">
			<skipped type="skipped" message="tests/can_trx has no tests"/>
		</testcase>
		<testcase name="tests/candev" time="3.164816" timestamp="1682347789.8137646">
			<skipped type="skipped" message="tests/candev has no tests"/>
		</testcase>
		<testcase name="tests/cb_mux" time="24.563017" timestamp="1682347792.9785962">
			<system-out>
r
ssh -t rici@saclay.iot-lab.info 'socat - tcp:samr21-10.saclay.iot-lab.info:20000' 
READY
s
START
main(): This is RIOT! (Version: buildtest)
cb_mux test routine
Test list addition, retrieval, execution of 5 CBs
Callback 0 executed
Callback 1 executed
Callback 2 executed
Callback 3 executed
Callback 4 executed
Test list deletion of CB 0, 2, 4, execution of 1, 3
Callback 1 executed
Callback 3 executed
Test execution of CB with lowest ID (1)
Callback 1 executed
Test execution of CB with highest ID (3)
Callback 3 executed
Re-adding list entries (0, 2, 4) by finding next free ID
Added entry 0
Added entry 2
Added entry 4
Test iteration of a function over list
Entry 0 was updated correctly
Entry 1 was updated correctly
Entry 2 was updated correctly
Entry 3 was updated correctly
Entry 4 was updated correctly
Tests complete!
{ &quot;threads&quot;: [{ &quot;name&quot;: &quot;main&quot;, &quot;stack_size&quot;: 1536, &quot;stack_used&quot;: 536 }]}


</system-out>
		</testcase>
		<testcase name="tests/cb_mux_bench" time="25.809893" timestamp="1682347817.5416336">
			<system-out>
r
ssh -t rici@saclay.iot-lab.info 'socat - tcp:samr21-10.saclay.iot-lab.info:20000' 
READY
s
START
main(): This is RIOT! (Version: buildtest)
cb_mux benchmark application
Populating cb_mux list with 20 items
Finding the last list entry
List walk time: 23 us
Walk time less than threshold of 200 us
[SUCCESS]
{ &quot;threads&quot;: [{ &quot;name&quot;: &quot;main&quot;, &quot;stack_size&quot;: 1536, &quot;stack_used&quot;: 428 }]}


</system-out>
		</testcase>
		<testcase name="tests/cond_order" time="24.302612" timestamp="1682347843.3515437">
			<system-out>
r
ssh -t rici@saclay.iot-lab.info 'socat - tcp:samr21-10.saclay.iot-lab.info:20000' 
READY
s
START
main(): This is RIOT! (Version: buildtest)
Condition variable order test
Please refer to the README.md for more information

T2 (prio 6): waiting on condition variable now
T3 (prio 4): waiting on condition variable now
T4 (prio 0): waiting on condition variable now
T5 (prio 2): waiting on condition variable now
T6 (prio 1): waiting on condition variable now
First batch was signaled
T4 (prio 0): condition variable was signaled now
{ &quot;threads&quot;: [{ &quot;name&quot;: &quot;t&quot;, &quot;stack_size&quot;: 1536, &quot;stack_used&quot;: 1532 }]}
T6 (prio 1): condition variable was signaled now
{ &quot;threads&quot;: [{ &quot;name&quot;: &quot;t&quot;, &quot;stack_size&quot;: 1536, &quot;stack_used&quot;: 1532 }]}
T5 (prio 2): condition variable was signaled now
{ &quot;threads&quot;: [{ &quot;name&quot;: &quot;t&quot;, &quot;stack_size&quot;: 1536, &quot;stack_used&quot;: 1532 }]}
First batch has woken up
Second batch was signaled
T3 (prio 4): condition variable was signaled now
{ &quot;threads&quot;: [{ &quot;name&quot;: &quot;t&quot;, &quot;stack_size&quot;: 1536, &quot;stack_used&quot;: 1532 }]}
T2 (prio 6): condition variable was signaled now
{ &quot;threads&quot;: [{ &quot;name&quot;: &quot;t&quot;, &quot;stack_size&quot;: 1536, &quot;stack_used&quot;: 1532 }]}
Second batch has woken up

Test END, check the order of priorities above.
{ &quot;threads&quot;: [{ &quot;name&quot;: &quot;main&quot;, &quot;stack_size&quot;: 1536, &quot;stack_used&quot;: 260 }]}


</system-out>
		</testcase>
		<testcase name="tests/congure_abe" time="53.029761" timestamp="1682347867.6541722">
			<system-out>
.......
----------------------------------------------------------------------
Ran 7 tests in 26.615s

OK

</system-out>
		</testcase>
		<testcase name="tests/congure_quic" time="147.540846" timestamp="1682347920.683957">
			<system-out>
..........................................
----------------------------------------------------------------------
Ran 42 tests in 120.522s

OK

</system-out>
		</testcase>
		<testcase name="tests/congure_reno" time="93.105523" timestamp="1682348068.2248287">
			<system-out>
........................
----------------------------------------------------------------------
Ran 24 tests in 66.550s

OK

</system-out>
		</testcase>
		<testcase name="tests/congure_test" time="74.523257" timestamp="1682348161.3303776">
			<system-out>
.................................................
----------------------------------------------------------------------
Ran 49 tests in 53.384s

OK

</system-out>
		</testcase>
		<testcase name="tests/conn_can" time="0.017971" timestamp="1682348235.8536608">
			<skipped type="skipped" message="Board not supported"/>
		</testcase>
		<testcase name="tests/cortexm_common_ldscript" time="3.130255" timestamp="1682348235.871648">
			<skipped type="skipped" message="tests/cortexm_common_ldscript has no tests"/>
		</testcase>
		<testcase name="tests/cpp11_condition_variable" time="34.373804" timestamp="1682348239.0019188">
			<system-out>
r
ssh -t rici@saclay.iot-lab.info 'socat - tcp:samr21-10.saclay.iot-lab.info:20000' 
READY
s
START
main(): This is RIOT! (Version: buildtest)

************ C++ condition_variable test ***********
Wait with predicate and notify one ... 
{ &quot;threads&quot;: [{ &quot;name&quot;: &quot;riot_cpp_thread&quot;, &quot;stack_size&quot;: 1536, &quot;stack_used&quot;: 1532 }]}
Done

Wait and notify all ...
{ &quot;threads&quot;: [{ &quot;name&quot;: &quot;riot_cpp_thread&quot;, &quot;stack_size&quot;: 1536, &quot;stack_used&quot;: 1532 }]}
{ &quot;threads&quot;: [{ &quot;name&quot;: &quot;riot_cpp_thread&quot;, &quot;stack_size&quot;: 1536, &quot;stack_used&quot;: 1532 }]}
{ &quot;threads&quot;: [{ &quot;name&quot;: &quot;riot_cpp_thread&quot;, &quot;stack_size&quot;: 1536, &quot;stack_used&quot;: 1248 }]}
{ &quot;threads&quot;: [{ &quot;name&quot;: &quot;riot_cpp_thread&quot;, &quot;stack_size&quot;: 1536, &quot;stack_used&quot;: 1532 }]}
Done

Wait for ...
Done

Wait until ...
Done

Bye, bye. 
******************************************************

{ &quot;threads&quot;: [{ &quot;name&quot;: &quot;main&quot;, &quot;stack_size&quot;: 1536, &quot;stack_used&quot;: 468 }]}


</system-out>
		</testcase>
		<testcase name="tests/cpp11_mutex" time="32.659198" timestamp="1682348273.3757474">
			<system-out>
r
ssh -t rici@saclay.iot-lab.info 'socat - tcp:samr21-10.saclay.iot-lab.info:20000' 
READY
s
START
main(): This is RIOT! (Version: buildtest)

************ C++ mutex test ***********
Lock and unlock ... 
{ &quot;threads&quot;: [{ &quot;name&quot;: &quot;riot_cpp_thread&quot;, &quot;stack_size&quot;: 1536, &quot;stack_used&quot;: 1532 }]}
{ &quot;threads&quot;: [{ &quot;name&quot;: &quot;riot_cpp_thread&quot;, &quot;stack_size&quot;: 1536, &quot;stack_used&quot;: 1532 }]}
Done

Try_lock ...
{ &quot;threads&quot;: [{ &quot;name&quot;: &quot;riot_cpp_thread&quot;, &quot;stack_size&quot;: 1536, &quot;stack_used&quot;: 1532 }]}
{ &quot;threads&quot;: [{ &quot;name&quot;: &quot;riot_cpp_thread&quot;, &quot;stack_size&quot;: 1536, &quot;stack_used&quot;: 1532 }]}
Done

Bye, bye.
*****************************************

{ &quot;threads&quot;: [{ &quot;name&quot;: &quot;main&quot;, &quot;stack

</system-out>
		</testcase>
		<testcase name="tests/cpp11_thread" time="35.095539" timestamp="1682348306.034971">
			<system-out>
r
ssh -t rici@saclay.iot-lab.info 'socat - tcp:samr21-10.saclay.iot-lab.info:20000' 
READY
s
START
main(): This is RIOT! (Version: buildtest)

************ C++ thread test ***********
Creating one thread and passing an argument ...
{ &quot;threads&quot;: [{ &quot;name&quot;: &quot;riot_cpp_thread&quot;, &quot;stack_size&quot;: 1536, &quot;stack_used&quot;: 1532 }]}
Done

Creating detached thread ...
{ &quot;threads&quot;: [{ &quot;name&quot;: &quot;riot_cpp_thread&quot;, &quot;stack_size&quot;: 1536, &quot;stack_used&quot;: 1532 }]}
Done

Join on 'finished' thread ...
{ &quot;threads&quot;: [{ &quot;name&quot;: &quot;riot_cpp_thread&quot;, &quot;stack_size&quot;: 1536, &quot;stack_used&quot;: 1532 }]}
Done

Join on 'running' thread ...
{ &quot;threads&quot;: [{ &quot;name&quot;: &quot;riot_cpp_thread&quot;, &quot;stack_size&quot;: 1536, &quot;stack_used&quot;: 1532 }]}
{ &quot;threads&quot;: [{ &quot;name&quot;: &quot;riot_cpp_thread&quot;, &quot;stack_size&quot;: 1536, &quot;stack_used&quot;: 1532 }]}
Done

Testing sleep_for ...
Done

Testing sleep_until ...
Done

Swapping two threads ...
{ &quot;threads&quot;: [{ &quot;name&quot;: &quot;riot_cpp_thread&quot;, &quot;stack_size&quot;: 1536, &quot;stack_used&quot;: 1532 }]}
{ &quot;threads&quot;: [{ &quot;name&quot;: &quot;riot_cpp_thread&quot;, &quot;stack_size&quot;: 1536, &quot;stack_used&quot;: 1532 }]}
Done

Move constructor ...
{ &quot;threads&quot;: [{ &quot;name&quot;: &quot;riot_cpp_thread&quot;, &quot;stack_size&quot;: 1536, &quot;stack_used&quot;: 1532 }]}
Done

Bye, bye.
******************************************
{ &quot;threads&quot;: [{ &quot;name&quot;:

</system-out>
		</testcase>
		<testcase name="tests/cpp_ctors" time="26.576641" timestamp="1682348341.130535">
			<system-out>
r
ssh -t rici@saclay.iot-lab.info 'socat - tcp:samr21-10.saclay.iot-lab.info:20000' 
READY
s
START
main(): This is RIOT! (Version: buildtest)
...
OK (3 tests)
{ &quot;threads&quot;: [{ &quot;name&quot;: &quot;main&quot;, &quot;stack_size&quot;: 1536, &quot;stack_used&quot;: 504 }]}


</system-out>
		</testcase>
		<testcase name="tests/cpp_exclude" time="25.636886" timestamp="1682348367.7072015">
			<system-out>
r
ssh -t rici@saclay.iot-lab.info 'socat - tcp:samr21-10.saclay.iot-lab.info:20000' 
READY
s
START
main(): This is RIOT! (Version: buildtest)
Hello from C++
Hello from C++ module
{ &quot;threads&quot;: [{ &quot;name&quot;: &quot;main&quot;, &quot;stack_size&quot;: 1536, &quot;stack_used&quot;: 260 }]}


</system-out>
		</testcase>
		<testcase name="tests/cpp_ext" time="25.884779" timestamp="1682348393.3441045">
			<system-out>
r
ssh -t rici@saclay.iot-lab.info 'socat - tcp:samr21-10.saclay.iot-lab.info:20000' 
READY
s
START
main(): This is RIOT! (Version: buildtest)
Hello from C++
Hello from C++ module
{ &quot;threads&quot;: [{ &quot;name&quot;: &quot;main&quot;, &quot;stack_size&quot;: 1536, &quot;stack_used&quot;: 260 }]}


</system-out>
		</testcase>
		<testcase name="tests/cpu_avr8_xmega_drivers" time="0.015619" timestamp="1682348419.228909">
			<skipped type="skipped" message="Board not supported"/>
		</testcase>
		<testcase name="tests/cpu_cortexm_address_check" time="3.197105" timestamp="1682348419.2445436">
			<skipped type="skipped" message="tests/cpu_cortexm_address_check has no tests"/>
		</testcase>
		<testcase name="tests/cpu_efm32_drivers" time="0.016779" timestamp="1682348422.4416661">
			<skipped type="skipped" message="Board not supported"/>
		</testcase>
		<testcase name="tests/cpu_efm32_features" time="0.013225" timestamp="1682348422.4584606">
			<skipped type="skipped" message="Board not supported"/>
		</testcase>
		<testcase name="tests/dbgpin" time="25.827691" timestamp="1682348422.4716976">
			<system-out>
r
ssh -t rici@saclay.iot-lab.info 'socat - tcp:samr21-10.saclay.iot-lab.info:20000' 
READY
s
START
main(): This is RIOT! (Version: buildtest)
Found 1 configured debug pin(s)
Testing pin 0
Test successful.
{ &quot;threads&quot;: [{ &quot;name&quot;: &quot;main&quot;, &quot;stack_size&quot;: 1536, &quot;stack_used&quot;: 448 }]}


</system-out>
		</testcase>
		<testcase name="tests/deferred_yield_higher" time="23.884841" timestamp="1682348448.2994044">
			<system-out>
r
ssh -t rici@saclay.iot-lab.info 'socat - tcp:samr21-10.saclay.iot-lab.info:20000' 
READY
s
START
main(): This is RIOT! (Version: buildtest)
1. post yield
2. second thread scheduled
{ &quot;threads&quot;: [{ &quot;name&quot;: &quot;nr2&quot;, &quot;stack_size&quot;: 1024, &quot;stack_used&quot;: 204 }]}
3. post irq enable
if above messages are in order, this test succeeded.
{ &quot;threads&quot;: [{ &quot;name&quot;: &quot;main&quot;, &quot;stack_size&quot;: 1536, &quot;stack_used&quot;: 260 }]}


</system-out>
		</testcase>
		<testcase name="tests/devfs" time="0.023144" timestamp="1682348472.1842673">
			<skipped type="skipped" message="Board not supported"/>
		</testcase>
		<testcase name="tests/disp_dev" time="3.133166" timestamp="1682348472.207426">
			<skipped type="skipped" message="tests/disp_dev has no tests"/>
		</testcase>
		<testcase name="tests/driver_ad7746" time="3.219875" timestamp="1682348475.3406074">
			<skipped type="skipped" message="tests/driver_ad7746 has no tests"/>
		</testcase>
		<testcase name="tests/driver_adcxx1c" time="3.306668" timestamp="1682348478.5604997">
			<skipped type="skipped" message="tests/driver_adcxx1c has no tests"/>
		</testcase>
		<testcase name="tests/driver_ads101x" time="3.071006" timestamp="1682348481.8671832">
			<skipped type="skipped" message="tests/driver_ads101x has no tests"/>
		</testcase>
		<testcase name="tests/driver_adt7310" time="3.218346" timestamp="1682348484.9382055">
			<skipped type="skipped" message="tests/driver_adt7310 has no tests"/>
		</testcase>
		<testcase name="tests/driver_adxl345" time="3.141042" timestamp="1682348488.1565673">
			<skipped type="skipped" message="tests/driver_adxl345 has no tests"/>
		</testcase>
		<testcase name="tests/driver_aip31068" time="3.216217" timestamp="1682348491.2976253">
			<skipped type="skipped" message="tests/driver_aip31068 has no tests"/>
		</testcase>
		<testcase name="tests/driver_apa102" time="3.116279" timestamp="1682348494.5138595">
			<skipped type="skipped" message="tests/driver_apa102 has no tests"/>
		</testcase>
		<testcase name="tests/driver_apds99xx" time="3.104792" timestamp="1682348497.630162">
			<skipped type="skipped" message="tests/driver_apds99xx has no tests"/>
		</testcase>
		<testcase name="tests/driver_apds99xx_full" time="3.175097" timestamp="1682348500.734971">
			<skipped type="skipped" message="tests/driver_apds99xx_full has no tests"/>
		</testcase>
		<testcase name="tests/driver_at" time="3.101295" timestamp="1682348503.910089">
			<skipped type="skipped" message="tests/driver_at has no tests"/>
		</testcase>
		<testcase name="tests/driver_at24cxxx" time="3.100054" timestamp="1682348507.0114014">
			<skipped type="skipped" message="tests/driver_at24cxxx has no tests"/>
		</testcase>
		<testcase name="tests/driver_at24mac" time="3.221080" timestamp="1682348510.1114712">
			<skipped type="skipped" message="tests/driver_at24mac has no tests"/>
		</testcase>
		<testcase name="tests/driver_at25xxx" time="3.134926" timestamp="1682348513.3325665">
			<skipped type="skipped" message="tests/driver_at25xxx has no tests"/>
		</testcase>
		<testcase name="tests/driver_at30tse75x" time="3.111993" timestamp="1682348516.4675157">
			<skipped type="skipped" message="tests/driver_at30tse75x has no tests"/>
		</testcase>
		<testcase name="tests/driver_at86rf215" time="3.197598" timestamp="1682348519.5795264">
			<skipped type="skipped" message="tests/driver_at86rf215 has no tests"/>
		</testcase>
		<testcase name="tests/driver_at86rf2xx" time="3.277605" timestamp="1682348522.77714">
			<skipped type="skipped" message="tests/driver_at86rf2xx has no tests"/>
		</testcase>
		<testcase name="tests/driver_at86rf2xx_aes" time="3.178849" timestamp="1682348526.0547607">
			<skipped type="skipped" message="tests/driver_at86rf2xx_aes has no tests"/>
		</testcase>
		<testcase name="tests/driver_ata8520e" time="3.282677" timestamp="1682348529.2336264">
			<skipped type="skipped" message="tests/driver_ata8520e has no tests"/>
		</testcase>
		<testcase name="tests/driver_atwinc15x0" time="3.159938" timestamp="1682348532.5163193">
			<skipped type="skipped" message="tests/driver_atwinc15x0 has no tests"/>
		</testcase>
		<testcase name="tests/driver_bh1750" time="3.147458" timestamp="1682348535.6762729">
			<skipped type="skipped" message="tests/driver_bh1750 has no tests"/>
		</testcase>
		<testcase name="tests/driver_bh1900nux" time="3.146354" timestamp="1682348538.8237457">
			<skipped type="skipped" message="tests/driver_bh1900nux has no tests"/>
		</testcase>
		<testcase name="tests/driver_bme680" time="3.123928" timestamp="1682348541.9701152">
			<skipped type="skipped" message="tests/driver_bme680 has no tests"/>
		</testcase>
		<testcase name="tests/driver_bmp180" time="3.122812" timestamp="1682348545.09406">
			<skipped type="skipped" message="tests/driver_bmp180 has no tests"/>
		</testcase>
		<testcase name="tests/driver_bmx055" time="3.191924" timestamp="1682348548.2168875">
			<skipped type="skipped" message="tests/driver_bmx055 has no tests"/>
		</testcase>
		<testcase name="tests/driver_bmx280" time="3.211531" timestamp="1682348551.4088273">
			<skipped type="skipped" message="tests/driver_bmx280 has no tests"/>
		</testcase>
		<testcase name="tests/driver_bq2429x" time="3.188204" timestamp="1682348554.620373">
			<skipped type="skipped" message="tests/driver_bq2429x has no tests"/>
		</testcase>
		<testcase name="tests/driver_cc110x" time="3.190592" timestamp="1682348557.808594">
			<skipped type="skipped" message="tests/driver_cc110x has no tests"/>
		</testcase>
		<testcase name="tests/driver_cc2420" time="3.153697" timestamp="1682348560.999201">
			<skipped type="skipped" message="tests/driver_cc2420 has no tests"/>
		</testcase>
		<testcase name="tests/driver_cc2538_rf" time="0.017029" timestamp="1682348564.1529129">
			<skipped type="skipped" message="Board not supported"/>
		</testcase>
		<testcase name="tests/driver_ccs811" time="3.109319" timestamp="1682348564.1699567">
			<skipped type="skipped" message="tests/driver_ccs811 has no tests"/>
		</testcase>
		<testcase name="tests/driver_ccs811_full" time="3.169641" timestamp="1682348567.2792928">
			<skipped type="skipped" message="tests/driver_ccs811_full has no tests"/>
		</testcase>
		<testcase name="tests/driver_cst816s" time="3.257238" timestamp="1682348570.448951">
			<skipped type="skipped" message="tests/driver_cst816s has no tests"/>
		</testcase>
		<testcase name="tests/driver_dac_dds" time="0.022144" timestamp="1682348573.7062051">
			<skipped type="skipped" message="Board not supported"/>
		</testcase>
		<testcase name="tests/driver_dcf77" time="3.348580" timestamp="1682348573.7283647">
			<skipped type="skipped" message="tests/driver_dcf77 has no tests"/>
		</testcase>
		<testcase name="tests/driver_dfplayer" time="3.101741" timestamp="1682348577.0769608">
			<skipped type="skipped" message="tests/driver_dfplayer has no tests"/>
		</testcase>
		<testcase name="tests/driver_dht" time="3.168420" timestamp="1682348580.178718">
			<skipped type="skipped" message="tests/driver_dht has no tests"/>
		</testcase>
		<testcase name="tests/driver_dose" time="3.141246" timestamp="1682348583.3471568">
			<skipped type="skipped" message="tests/driver_dose has no tests"/>
		</testcase>
		<testcase name="tests/driver_ds1307" time="3.137936" timestamp="1682348586.4884188">
			<skipped type="skipped" message="tests/driver_ds1307 has no tests"/>
		</testcase>
		<testcase name="tests/driver_ds18" time="3.139663" timestamp="1682348589.62637">
			<skipped type="skipped" message="tests/driver_ds18 has no tests"/>
		</testcase>
		<testcase name="tests/driver_ds3231" time="3.172628" timestamp="1682348592.7660515">
			<skipped type="skipped" message="tests/driver_ds3231 has no tests"/>
		</testcase>
		<testcase name="tests/driver_ds3234" time="3.145117" timestamp="1682348595.9386952">
			<skipped type="skipped" message="tests/driver_ds3234 has no tests"/>
		</testcase>
		<testcase name="tests/driver_ds75lx" time="3.138810" timestamp="1682348599.0838282">
			<skipped type="skipped" message="tests/driver_ds75lx has no tests"/>
		</testcase>
		<testcase name="tests/driver_dsp0401" time="3.100502" timestamp="1682348602.2226546">
			<skipped type="skipped" message="tests/driver_dsp0401 has no tests"/>
		</testcase>
		<testcase name="tests/driver_dynamixel" time="3.170693" timestamp="1682348605.3231788">
			<skipped type="skipped" message="tests/driver_dynamixel has no tests"/>
		</testcase>
		<testcase name="tests/driver_edbg_eui" time="5.608680" timestamp="1682348608.493887">
			<skipped type="skipped" message="tests/driver_edbg_eui has no tests"/>
		</testcase>
		<testcase name="tests/driver_enc28j60" time="3.191456" timestamp="1682348614.1025891">
			<skipped type="skipped" message="tests/driver_enc28j60 has no tests"/>
		</testcase>
		<testcase name="tests/driver_encx24j600" time="3.171940" timestamp="1682348617.2940793">
			<skipped type="skipped" message="tests/driver_encx24j600 has no tests"/>
		</testcase>
		<testcase name="tests/driver_epd_bw_spi" time="3.184963" timestamp="1682348620.466034">
			<skipped type="skipped" message="tests/driver_epd_bw_spi has no tests"/>
		</testcase>
		<testcase name="tests/driver_epd_bw_spi_disp_dev" time="3.177274" timestamp="1682348623.651012">
			<skipped type="skipped" message="tests/driver_epd_bw_spi_disp_dev has no tests"/>
		</testcase>
		<testcase name="tests/driver_esp_eth" time="0.016595" timestamp="1682348626.828302">
			<skipped type="skipped" message="Board not supported"/>
		</testcase>
		<testcase name="tests/driver_ethos" time="3.134228" timestamp="1682348626.8449135">
			<skipped type="skipped" message="tests/driver_ethos has no tests"/>
		</testcase>
		<testcase name="tests/driver_feetech" time="3.148772" timestamp="1682348629.97916">
			<skipped type="skipped" message="tests/driver_feetech has no tests"/>
		</testcase>
		<testcase name="tests/driver_ft5x06" time="3.153940" timestamp="1682348633.1279483">
			<skipped type="skipped" message="tests/driver_ft5x06 has no tests"/>
		</testcase>
		<testcase name="tests/driver_fxos8700" time="3.148654" timestamp="1682348636.2819057">
			<skipped type="skipped" message="tests/driver_fxos8700 has no tests"/>
		</testcase>
		<testcase name="tests/driver_gp2y10xx" time="3.174195" timestamp="1682348639.4305887">
			<skipped type="skipped" message="tests/driver_gp2y10xx has no tests"/>
		</testcase>
		<testcase name="tests/driver_grove_ledbar" time="3.194739" timestamp="1682348642.6047993">
			<skipped type="skipped" message="tests/driver_grove_ledbar has no tests"/>
		</testcase>
		<testcase name="tests/driver_hd44780" time="3.158579" timestamp="1682348645.7995563">
			<skipped type="skipped" message="tests/driver_hd44780 has no tests"/>
		</testcase>
		<testcase name="tests/driver_hdc1000" time="3.133705" timestamp="1682348648.9581516">
			<skipped type="skipped" message="tests/driver_hdc1000 has no tests"/>
		</testcase>
		<testcase name="tests/driver_hih6130" time="3.085983" timestamp="1682348652.0918722">
			<skipped type="skipped" message="tests/driver_hih6130 has no tests"/>
		</testcase>
		<testcase name="tests/driver_hm330x" time="3.134424" timestamp="1682348655.1778705">
			<skipped type="skipped" message="tests/driver_hm330x has no tests"/>
		</testcase>
		<testcase name="tests/driver_hmc5883l" time="3.101100" timestamp="1682348658.312309">
			<skipped type="skipped" message="tests/driver_hmc5883l has no tests"/>
		</testcase>
		<testcase name="tests/driver_hsc" time="3.118558" timestamp="1682348661.4135365">
			<skipped type="skipped" message="tests/driver_hsc has no tests"/>
		</testcase>
		<testcase name="tests/driver_hts221" time="3.121490" timestamp="1682348664.5321107">
			<skipped type="skipped" message="tests/driver_hts221 has no tests"/>
		</testcase>
		<testcase name="tests/driver_ili9341" time="3.112314" timestamp="1682348667.6536171">
			<skipped type="skipped" message="tests/driver_ili9341 has no tests"/>
		</testcase>
		<testcase name="tests/driver_ina2xx" time="3.103959" timestamp="1682348670.7659466">
			<skipped type="skipped" message="tests/driver_ina2xx has no tests"/>
		</testcase>
		<testcase name="tests/driver_ina3221" time="3.210563" timestamp="1682348673.8699214">
			<skipped type="skipped" message="tests/driver_ina3221 has no tests"/>
		</testcase>
		<testcase name="tests/driver_io1_xplained" time="3.151122" timestamp="1682348677.0805023">
			<skipped type="skipped" message="tests/driver_io1_xplained has no tests"/>
		</testcase>
		<testcase name="tests/driver_ir_nec" time="3.109916" timestamp="1682348680.2316406">
			<skipped type="skipped" message="tests/driver_ir_nec has no tests"/>
		</testcase>
		<testcase name="tests/driver_isl29020" time="3.144923" timestamp="1682348683.3415725">
			<skipped type="skipped" message="tests/driver_isl29020 has no tests"/>
		</testcase>
		<testcase name="tests/driver_isl29125" time="3.124679" timestamp="1682348686.4865115">
			<skipped type="skipped" message="tests/driver_isl29125 has no tests"/>
		</testcase>
		<testcase name="tests/driver_itg320x" time="3.387999" timestamp="1682348689.611205">
			<skipped type="skipped" message="tests/driver_itg320x has no tests"/>
		</testcase>
		<testcase name="tests/driver_jc42" time="3.169136" timestamp="1682348692.9992201">
			<skipped type="skipped" message="tests/driver_jc42 has no tests"/>
		</testcase>
		<testcase name="tests/driver_kw2xrf" time="0.015216" timestamp="1682348696.1683726">
			<skipped type="skipped" message="Board not supported"/>
		</testcase>
		<testcase name="tests/driver_l3g4200d" time="3.178838" timestamp="1682348696.183605">
			<skipped type="skipped" message="tests/driver_l3g4200d has no tests"/>
		</testcase>
		<testcase name="tests/driver_l3gxxxx" time="3.163569" timestamp="1682348699.3624578">
			<skipped type="skipped" message="tests/driver_l3gxxxx has no tests"/>
		</testcase>
		<testcase name="tests/driver_lc709203f" time="3.160093" timestamp="1682348702.5260427">
			<skipped type="skipped" message="tests/driver_lc709203f has no tests"/>
		</testcase>
		<testcase name="tests/driver_lis2dh12" time="3.205315" timestamp="1682348705.6861515">
			<skipped type="skipped" message="tests/driver_lis2dh12 has no tests"/>
		</testcase>
		<testcase name="tests/driver_lis3dh" time="3.266690" timestamp="1682348708.8914843">
			<skipped type="skipped" message="tests/driver_lis3dh has no tests"/>
		</testcase>
		<testcase name="tests/driver_lis3mdl" time="3.225192" timestamp="1682348712.1581933">
			<skipped type="skipped" message="tests/driver_lis3mdl has no tests"/>
		</testcase>
		<testcase name="tests/driver_lm75" time="3.158170" timestamp="1682348715.383401">
			<skipped type="skipped" message="tests/driver_lm75 has no tests"/>
		</testcase>
		<testcase name="tests/driver_lpd8808" time="3.122941" timestamp="1682348718.541587">
			<skipped type="skipped" message="tests/driver_lpd8808 has no tests"/>
		</testcase>
		<testcase name="tests/driver_lpsxxx" time="3.262995" timestamp="1682348721.6645424">
			<skipped type="skipped" message="tests/driver_lpsxxx has no tests"/>
		</testcase>
		<testcase name="tests/driver_lsm303dlhc" time="3.236657" timestamp="1682348724.927553">
			<skipped type="skipped" message="tests/driver_lsm303dlhc has no tests"/>
		</testcase>
		<testcase name="tests/driver_lsm6dsl" time="3.253020" timestamp="1682348728.1642263">
			<skipped type="skipped" message="tests/driver_lsm6dsl has no tests"/>
		</testcase>
		<testcase name="tests/driver_ltc4150" time="3.225425" timestamp="1682348731.4172623">
			<skipped type="skipped" message="tests/driver_ltc4150 has no tests"/>
		</testcase>
		<testcase name="tests/driver_mag3110" time="3.193900" timestamp="1682348734.6427038">
			<skipped type="skipped" message="tests/driver_mag3110 has no tests"/>
		</testcase>
		<testcase name="tests/driver_matrix_keypad" time="3.137727" timestamp="1682348737.8366196">
			<skipped type="skipped" message="tests/driver_matrix_keypad has no tests"/>
		</testcase>
		<testcase name="tests/driver_mcp47xx" time="3.257860" timestamp="1682348740.9743617">
			<skipped type="skipped" message="tests/driver_mcp47xx has no tests"/>
		</testcase>
		<testcase name="tests/driver_mfrc522" time="3.127250" timestamp="1682348744.2322392">
			<skipped type="skipped" message="tests/driver_mfrc522 has no tests"/>
		</testcase>
		<testcase name="tests/driver_mhz19" time="3.173414" timestamp="1682348747.3595076">
			<skipped type="skipped" message="tests/driver_mhz19 has no tests"/>
		</testcase>
		<testcase name="tests/driver_mma7660" time="3.331154" timestamp="1682348750.5329387">
			<skipped type="skipped" message="tests/driver_mma7660 has no tests"/>
		</testcase>
		<testcase name="tests/driver_mma8x5x" time="3.160080" timestamp="1682348753.864111">
			<skipped type="skipped" message="tests/driver_mma8x5x has no tests"/>
		</testcase>
		<testcase name="tests/driver_motor_driver" time="0.021499" timestamp="1682348757.0242078">
			<skipped type="skipped" message="Board not supported"/>
		</testcase>
		<testcase name="tests/driver_mpl3115a2" time="3.129291" timestamp="1682348757.0457227">
			<skipped type="skipped" message="tests/driver_mpl3115a2 has no tests"/>
		</testcase>
		<testcase name="tests/driver_mpu9x50" time="3.142722" timestamp="1682348760.1750336">
			<skipped type="skipped" message="tests/driver_mpu9x50 has no tests"/>
		</testcase>
		<testcase name="tests/driver_mq3" time="3.125241" timestamp="1682348763.3177729">
			<skipped type="skipped" message="tests/driver_mq3 has no tests"/>
		</testcase>
		<testcase name="tests/driver_mrf24j40" time="0.014793" timestamp="1682348766.4430306">
			<skipped type="skipped" message="Board not supported"/>
		</testcase>
		<testcase name="tests/driver_my9221" time="3.162014" timestamp="1682348766.4578402">
			<skipped type="skipped" message="tests/driver_my9221 has no tests"/>
		</testcase>
		<testcase name="tests/driver_netdev_common" time="3.150732" timestamp="1682348769.619871">
			<skipped type="skipped" message="tests/driver_netdev_common has no tests"/>
		</testcase>
		<testcase name="tests/driver_nrf24l01p_lowlevel" time="3.105388" timestamp="1682348772.7706206">
			<skipped type="skipped" message="tests/driver_nrf24l01p_lowlevel has no tests"/>
		</testcase>
		<testcase name="tests/driver_nrf24l01p_ng" time="3.166747" timestamp="1682348775.8760257">
			<skipped type="skipped" message="tests/driver_nrf24l01p_ng has no tests"/>
		</testcase>
		<testcase name="tests/driver_nrf802154" time="0.017359" timestamp="1682348779.0427897">
			<skipped type="skipped" message="Board not supported"/>
		</testcase>
		<testcase name="tests/driver_nrfmin" time="0.027911" timestamp="1682348779.0601652">
			<skipped type="skipped" message="Board not supported"/>
		</testcase>
		<testcase name="tests/driver_nvram_spi" time="3.130522" timestamp="1682348779.0880935">
			<skipped type="skipped" message="tests/driver_nvram_spi has no tests"/>
		</testcase>
		<testcase name="tests/driver_opt3001" time="3.220272" timestamp="1682348782.218632">
			<skipped type="skipped" message="tests/driver_opt3001 has no tests"/>
		</testcase>
		<testcase name="tests/driver_pca9633" time="3.169235" timestamp="1682348785.4389215">
			<skipped type="skipped" message="tests/driver_pca9633 has no tests"/>
		</testcase>
		<testcase name="tests/driver_pca9685" time="3.134597" timestamp="1682348788.6081753">
			<skipped type="skipped" message="tests/driver_pca9685 has no tests"/>
		</testcase>
		<testcase name="tests/driver_pcd8544" time="3.120804" timestamp="1682348791.7427893">
			<skipped type="skipped" message="tests/driver_pcd8544 has no tests"/>
		</testcase>
		<testcase name="tests/driver_pcf857x" time="3.421610" timestamp="1682348794.8636098">
			<skipped type="skipped" message="tests/driver_pcf857x has no tests"/>
		</testcase>
		<testcase name="tests/driver_ph_oem" time="3.223129" timestamp="1682348798.285237">
			<skipped type="skipped" message="tests/driver_ph_oem has no tests"/>
		</testcase>
		<testcase name="tests/driver_pir" time="3.166981" timestamp="1682348801.5083833">
			<skipped type="skipped" message="tests/driver_pir has no tests"/>
		</testcase>
		<testcase name="tests/driver_pn532" time="3.118662" timestamp="1682348804.6753812">
			<skipped type="skipped" message="tests/driver_pn532 has no tests"/>
		</testcase>
		<testcase name="tests/driver_pulse_counter" time="3.139337" timestamp="1682348807.7940595">
			<skipped type="skipped" message="tests/driver_pulse_counter has no tests"/>
		</testcase>
		<testcase name="tests/driver_qmc5883l" time="3.151008" timestamp="1682348810.9334722">
			<skipped type="skipped" message="tests/driver_qmc5883l has no tests"/>
		</testcase>
		<testcase name="tests/driver_rn2xx3" time="3.125864" timestamp="1682348814.084496">
			<skipped type="skipped" message="tests/driver_rn2xx3 has no tests"/>
		</testcase>
		<testcase name="tests/driver_sam0_eth" time="0.016495" timestamp="1682348817.2103765">
			<skipped type="skipped" message="Board not supported"/>
		</testcase>
		<testcase name="tests/driver_scd30" time="3.409861" timestamp="1682348817.2268875">
			<skipped type="skipped" message="tests/driver_scd30 has no tests"/>
		</testcase>
		<testcase name="tests/driver_sdcard_spi" time="3.132202" timestamp="1682348820.636765">
			<skipped type="skipped" message="tests/driver_sdcard_spi has no tests"/>
		</testcase>
		<testcase name="tests/driver_sdp3x" time="3.131845" timestamp="1682348823.7689843">
			<skipped type="skipped" message="tests/driver_sdp3x has no tests"/>
		</testcase>
		<testcase name="tests/driver_sds011" time="3.168178" timestamp="1682348826.9008486">
			<skipped type="skipped" message="tests/driver_sds011 has no tests"/>
		</testcase>
		<testcase name="tests/driver_seesaw_soil" time="3.204052" timestamp="1682348830.0690448">
			<skipped type="skipped" message="tests/driver_seesaw_soil has no tests"/>
		</testcase>
		<testcase name="tests/driver_servo" time="3.181479" timestamp="1682348833.27312">
			<skipped type="skipped" message="tests/driver_servo has no tests"/>
		</testcase>
		<testcase name="tests/driver_sgp30" time="3.123636" timestamp="1682348836.4546156">
			<skipped type="skipped" message="tests/driver_sgp30 has no tests"/>
		</testcase>
		<testcase name="tests/driver_sht1x" time="3.288234" timestamp="1682348839.5782685">
			<skipped type="skipped" message="tests/driver_sht1x has no tests"/>
		</testcase>
		<testcase name="tests/driver_sht2x" time="3.257032" timestamp="1682348842.8665206">
			<skipped type="skipped" message="tests/driver_sht2x has no tests"/>
		</testcase>
		<testcase name="tests/driver_sht3x" time="3.186589" timestamp="1682348846.1235702">
			<skipped type="skipped" message="tests/driver_sht3x has no tests"/>
		</testcase>
		<testcase name="tests/driver_shtcx" time="3.188097" timestamp="1682348849.3101773">
			<skipped type="skipped" message="tests/driver_shtcx has no tests"/>
		</testcase>
		<testcase name="tests/driver_si1133" time="3.220047" timestamp="1682348852.4982908">
			<skipped type="skipped" message="tests/driver_si1133 has no tests"/>
		</testcase>
		<testcase name="tests/driver_si114x" time="3.311450" timestamp="1682348855.718357">
			<skipped type="skipped" message="tests/driver_si114x has no tests"/>
		</testcase>
		<testcase name="tests/driver_si70xx" time="3.246188" timestamp="1682348859.029825">
			<skipped type="skipped" message="tests/driver_si70xx has no tests"/>
		</testcase>
		<testcase name="tests/driver_sm_pwm_01c" time="3.122116" timestamp="1682348862.2760296">
			<skipped type="skipped" message="tests/driver_sm_pwm_01c has no tests"/>
		</testcase>
		<testcase name="tests/driver_soft_spi" time="3.128115" timestamp="1682348865.3981628">
			<skipped type="skipped" message="tests/driver_soft_spi has no tests"/>
		</testcase>
		<testcase name="tests/driver_soft_uart" time="3.128998" timestamp="1682348868.526295">
			<skipped type="skipped" message="tests/driver_soft_uart has no tests"/>
		</testcase>
		<testcase name="tests/driver_sps30" time="3.153703" timestamp="1682348871.6553097">
			<skipped type="skipped" message="tests/driver_sps30 has no tests"/>
		</testcase>
		<testcase name="tests/driver_srf02" time="3.255894" timestamp="1682348874.8090289">
			<skipped type="skipped" message="tests/driver_srf02 has no tests"/>
		</testcase>
		<testcase name="tests/driver_srf04" time="3.101553" timestamp="1682348878.0649405">
			<skipped type="skipped" message="tests/driver_srf04 has no tests"/>
		</testcase>
		<testcase name="tests/driver_srf08" time="3.159159" timestamp="1682348881.16651">
			<skipped type="skipped" message="tests/driver_srf08 has no tests"/>
		</testcase>
		<testcase name="tests/driver_st7735" time="3.196919" timestamp="1682348884.3256876">
			<skipped type="skipped" message="tests/driver_st7735 has no tests"/>
		</testcase>
		<testcase name="tests/driver_stm32_eth" time="0.017569" timestamp="1682348887.5226262">
			<skipped type="skipped" message="Board not supported"/>
		</testcase>
		<testcase name="tests/driver_stmpe811" time="3.122950" timestamp="1682348887.5402102">
			<skipped type="skipped" message="tests/driver_stmpe811 has no tests"/>
		</testcase>
		<testcase name="tests/driver_sx126x" time="3.145709" timestamp="1682348890.663177">
			<skipped type="skipped" message="tests/driver_sx126x has no tests"/>
		</testcase>
		<testcase name="tests/driver_sx127x" time="3.105969" timestamp="1682348893.808903">
			<skipped type="skipped" message="tests/driver_sx127x has no tests"/>
		</testcase>
		<testcase name="tests/driver_sx1280" time="3.139813" timestamp="1682348896.914888">
			<skipped type="skipped" message="tests/driver_sx1280 has no tests"/>
		</testcase>
		<testcase name="tests/driver_tcs37727" time="3.132808" timestamp="1682348900.0547183">
			<skipped type="skipped" message="tests/driver_tcs37727 has no tests"/>
		</testcase>
		<testcase name="tests/driver_tmp00x" time="3.088022" timestamp="1682348903.1875427">
			<skipped type="skipped" message="tests/driver_tmp00x has no tests"/>
		</testcase>
		<testcase name="tests/driver_tps6274x" time="3.117291" timestamp="1682348906.2755818">
			<skipped type="skipped" message="tests/driver_tps6274x has no tests"/>
		</testcase>
		<testcase name="tests/driver_tsl2561" time="3.106509" timestamp="1682348909.3929">
			<skipped type="skipped" message="tests/driver_tsl2561 has no tests"/>
		</testcase>
		<testcase name="tests/driver_tsl4531x" time="3.319030" timestamp="1682348912.4994252">
			<skipped type="skipped" message="tests/driver_tsl4531x has no tests"/>
		</testcase>
		<testcase name="tests/driver_vcnl40x0" time="3.117722" timestamp="1682348915.8184712">
			<skipped type="skipped" message="tests/driver_vcnl40x0 has no tests"/>
		</testcase>
		<testcase name="tests/driver_veml6070" time="3.156275" timestamp="1682348918.9362106">
			<skipped type="skipped" message="tests/driver_veml6070 has no tests"/>
		</testcase>
		<testcase name="tests/driver_vl6180x" time="3.179908" timestamp="1682348922.0925033">
			<skipped type="skipped" message="tests/driver_vl6180x has no tests"/>
		</testcase>
		<testcase name="tests/driver_w5100" time="3.107079" timestamp="1682348925.2724278">
			<skipped type="skipped" message="tests/driver_w5100 has no tests"/>
		</testcase>
		<testcase name="tests/driver_ws281x" time="0.023654" timestamp="1682348928.3795228">
			<skipped type="skipped" message="Board not supported"/>
		</testcase>
		<testcase name="tests/driver_xbee" time="3.178095" timestamp="1682348928.4031928">
			<skipped type="skipped" message="tests/driver_xbee has no tests"/>
		</testcase>
		<testcase name="tests/eepreg" time="0.021261" timestamp="1682348931.581304">
			<skipped type="skipped" message="Board not supported"/>
		</testcase>
		<testcase name="tests/embunit" time="24.881463" timestamp="1682348931.6025817">
			<system-out>
r
ssh -t rici@saclay.iot-lab.info 'socat - tcp:samr21-10.saclay.iot-lab.info:20000' 
READY
s
START
main(): This is RIOT! (Version: buildtest)
..
OK (2 tests)
{ &quot;threads&quot;: [{ &quot;name&quot;: &quot;main&quot;, &quot;stack_size&quot;: 1536, &quot;stack_used&quot;: 500 }]}


</system-out>
		</testcase>
		<testcase name="tests/emcute" time="3.165128" timestamp="1682348956.484061">
			<skipped type="skipped" message="tests/emcute has no tests"/>
		</testcase>
		<testcase name="tests/entropy_source" time="3.135588" timestamp="1682348959.649214">
			<skipped type="skipped" message="tests/entropy_source has no tests"/>
		</testcase>
		<testcase name="tests/event_periodic_callback" time="29.422250" timestamp="1682348962.7848186">
			<system-out>
r
ssh -t rici@saclay.iot-lab.info 'socat - tcp:samr21-10.saclay.iot-lab.info:20000' 
READY
s
START
main(): This is RIOT! (Version: buildtest)
event 0
event A
event B
event A
event C
event A
event B
event A
event A
event C
event B
event A

</system-out>
		</testcase>
		<testcase name="tests/event_source" time="24.985417" timestamp="1682348992.2070966">
			<system-out>
r
ssh -t rici@saclay.iot-lab.info 'socat - tcp:samr21-10.saclay.iot-lab.info:20000' 
READY
s
START
main(): This is RIOT! (Version: buildtest)
empty event source
occupied event source
event C
event B
event A
{ &quot;threads&quot;: [{ &quot;name&quot;: &quot;main&quot;, &quot;stack_size&quot;: 1536, &quot;stack_used&quot;: 324 }]}


</system-out>
		</testcase>
		<testcase name="tests/event_thread_shared" time="25.256358" timestamp="1682349017.1925366">
			<system-out>
r
ssh -t rici@saclay.iot-lab.info 'socat - tcp:samr21-10.saclay.iot-lab.info:20000' 
READY
s
START
main(): This is RIOT! (Version: buildtest)
low
high
medium
high
main done
{ &quot;threads&quot;: [{ &quot;name&quot;: &quot;main&quot;, &quot;stack_size&quot;: 1536, &quot;stack_used&quot;: 268 }]}


</system-out>
		</testcase>
		<testcase name="tests/event_threads" time="24.702340" timestamp="1682349042.44892">
			<system-out>
r
ssh -t rici@saclay.iot-lab.info 'socat - tcp:samr21-10.saclay.iot-lab.info:20000' 
READY
s
START
main(): This is RIOT! (Version: buildtest)
main done
{ &quot;threads&quot;: [{ &quot;name&quot;: &quot;main&quot;, &quot;stack_size&quot;: 1536, &quot;stack_used&quot;: 296 }]}
high
medium
low


</system-out>
		</testcase>
		<testcase name="tests/event_wait_timeout" time="26.432458" timestamp="1682349067.1512845">
			<system-out>
r
ssh -t rici@saclay.iot-lab.info 'socat - tcp:samr21-10.saclay.iot-lab.info:20000' 
READY
s
START
main(): This is RIOT! (Version: buildtest)
[START] event_wait_timeout test application.

waiting for event with 10ms timeout...
event_wait time out after 10082us
waiting for event with 10ms timeout (using uint64)...
event_wait time out after 10082us
finished: 4/4 events and 4/4 timeouts recorded
[SUCCESS]


</system-out>
		</testcase>
		<testcase name="tests/event_wait_timeout_ztimer" time="27.507577" timestamp="1682349093.583767">
			<system-out>
r
ssh -t rici@saclay.iot-lab.info 'socat - tcp:samr21-10.saclay.iot-lab.info:20000' 
READY
s
START
main(): This is RIOT! (Version: buildtest)
[START] event_wait_timeout test application.

waiting for event with 10ms timeout @ ZTIMER_USEC...
event_wait time out after 10084us
waiting for event with 10ms timeout @ ZTIMER_MSEC...
event_wait time out after 10161us
finished: 4/4 events and 4/4 timeouts recorded
[SUCCESS]

</system-out>
		</testcase>
		<testcase name="tests/event_ztimer" time="32.402865" timestamp="1682349121.0913677">
			<system-out>
r
ssh -t rici@saclay.iot-lab.info 'socat - tcp:samr21-10.saclay.iot-lab.info:20000' 
READY
s
START
main(): This is RIOT! (Version: buildtest)
posting periodic timed callback with timeout 1sec
waiting for periodic callback to be triggered 4 times
trigger 1 of periodic timeout, elapsed time: 1000000 us
trigger 2 of periodic timeout, elapsed time: 1000000 us
stop periodic event
resume periodic event, 2 triggers remaining
trigger 3 of periodic timeout, elapsed time: 1000000 us
trigger 4 of periodic timeout, elapsed time: 1000000 us
posting timed callback with timeout 0.5sec, clear right after
posting timed callback with timeout 1sec
waiting for timed callback to trigger
triggered timed callback after 1000082us
[SUCCESS]

</system-out>
		</testcase>
		<testcase name="tests/events" time="28.050976" timestamp="1682349153.4942515">
			<system-out>
r
ssh -t rici@saclay.iot-lab.info 'socat - tcp:samr21-10.saclay.iot-lab.info:20000' 
READY
s
START
main(): This is RIOT! (Version: buildtest)
[START] event test application.

initializing detached event queues 0x20000d38
posting 0x2000020c to delayed queue at index 1
posting 0x20000214 to delayed queue at index 1
posting 0x2000021c to delayed queue at index 0
running thread that will claim event queues 0x20000d38
claiming event queues 0x20000d38
launching event queue for queues 0x20000d38
triggered delayed event 0x2000021c
triggered delayed event 0x2000020c
triggered delayed event 0x20000214
posting 0x20000224
posting 0x2000022c
canceling 0x2000022c
posting custom event
posting timed callback with timeout 1sec
posting timed callback with timeout 0.5sec and canceling it again
launching event queue
triggered 0x20000224
triggered custom event with text: &quot;CUSTOM CALLBACK&quot;
triggered timed callback with arg 0x12345678 after 1000080us
[SUCCESS]


</system-out>
		</testcase>
		<testcase name="tests/evtimer_mbox" time="27.540326" timestamp="1682349181.5452504">
			<system-out>
r
ssh -t rici@saclay.iot-lab.info 'socat - tcp:samr21-10.saclay.iot-lab.info:20000' 
READY
s
START
main(): This is RIOT! (Version: buildtest)
Test successful


</system-out>
		</testcase>
		<testcase name="tests/evtimer_msg" time="30.648477" timestamp="1682349209.085592">
			<system-out>
r
ssh -t rici@saclay.iot-lab.info 'socat - tcp:samr21-10.saclay.iot-lab.info:20000' 
READY
s
START
main(): This is RIOT! (Version: buildtest)
Testing generic evtimer
This should list 2 items
ev #1 offset=1000
ev #2 offset=500
This should list 4 items
ev #1 offset=659
ev #2 offset=341
ev #3 offset=500
ev #4 offset=2454
Are the reception times of all 4 msgs close to the supposed values?
At   4142 ms received msg 0: &quot;#2 supposed to be 4142&quot;
.At   4484 ms received msg 1: &quot;#0 supposed to be 4483&quot;
.At   4983 ms received msg 2: &quot;#1 supposed to be 4983&quot;
.At   7437 ms received msg 3: &quot;#3 supposed to be 7437&quot;
.
All tests successful


</system-out>
		</testcase>
		<testcase name="tests/evtimer_underflow" time="35.883814" timestamp="1682349239.7340913">
			<system-out>
r
ssh -t rici@saclay.iot-lab.info 'socat - tcp:samr21-10.saclay.iot-lab.info:20000' 
READY
s
START
main(): This is RIOT! (Version: buildtest)
received msg &quot;1&quot;
received msg &quot;2&quot;
received msg &quot;3&quot;
received msg &quot;4&quot;
received msg &quot;5&quot;
received msg &quot;6&quot;
received msg &quot;7&quot;
received msg &quot;8&quot;
.received msg &quot;1&quot;
received msg &quot;2&quot;
received msg &quot;3&quot;
received msg &quot;4&quot;
received msg &quot;5&quot;
received msg &quot;6&quot;
received msg &quot;7&quot;
received msg &quot;8&quot;
.received msg &quot;1&quot;
received msg &quot;2&quot;
received msg &quot;3&quot;
received msg &quot;4&quot;
received msg &quot;5&quot;
received msg &quot;6&quot;
received msg &quot;7&quot;
received msg &quot;8&quot;
.received msg &quot;1&quot;
received msg &quot;2&quot;
received msg &quot;3&quot;
received msg &quot;4&quot;
received msg &quot;5&quot;
received msg &quot;6&quot;
received msg &quot;7&quot;
received msg &quot;8&quot;
.received msg &quot;1&quot;
received msg &quot;2&quot;
received msg &quot;3&quot;
received msg &quot;4&quot;
received msg &quot;5&quot;
received msg &quot;6&quot;
received msg &quot;7&quot;
received msg &quot;8&quot;
.received msg &quot;1&quot;
received msg &quot;2&quot;
received msg &quot;3&quot;
received msg &quot;4&quot;
received msg &quot;5&quot;
received msg &quot;6&quot;
received msg &quot;7&quot;
received msg &quot;8&quot;.
received msg &quot;1&quot;
received msg &quot;2&quot;
received msg &quot;3&quot;
received msg &quot;4&quot;
received msg &quot;5&quot;
received msg &quot;6&quot;
received msg &quot;7&quot;
received msg &quot;8&quot;
.received msg &quot;1&quot;
received msg &quot;2&quot;
received msg &quot;3&quot;
received msg &quot;4&quot;
received msg &quot;5&quot;
received msg &quot;6&quot;
received msg &quot;7&quot;
received msg &quot;8&quot;
.received msg &quot;1&quot;
received msg &quot;2&quot;
received msg &quot;3&quot;
received msg &quot;4&quot;
received msg &quot;5&quot;
received msg &quot;6&quot;
received msg &quot;7&quot;
received msg &quot;8&quot;
.received msg &quot;1&quot;
received msg &quot;2&quot;
received msg &quot;3&quot;
received msg &quot;4&quot;
received msg &quot;5&quot;
received msg &quot;6&quot;
received msg &quot;7&quot;
received msg &quot;8&quot;
.received msg &quot;1&quot;
received msg &quot;2&quot;
received msg &quot;3&quot;
received msg &quot;4&quot;
received msg &quot;5&quot;
received msg &quot;6&quot;
received msg &quot;7&quot;
received msg &quot;8&quot;
.received msg &quot;1&quot;
received msg &quot;2&quot;
received msg &quot;3&quot;
received msg &quot;4&quot;
received msg &quot;5&quot;
received msg &quot;6&quot;
received msg &quot;7&quot;
received msg &quot;8&quot;
.received msg &quot;1&quot;
received msg &quot;2&quot;
received msg &quot;3&quot;
received msg &quot;4&quot;
received msg &quot;5&quot;
received msg &quot;6&quot;
received msg &quot;7&quot;
received msg &quot;8&quot;
.received msg &quot;1&quot;
received msg &quot;2&quot;
received msg &quot;3&quot;
received msg &quot;4&quot;
received msg &quot;5&quot;
received msg &quot;6&quot;
received msg &quot;7&quot;
received msg &quot;8&quot;.
received msg &quot;1&quot;
received msg &quot;2&quot;
received msg &quot;3&quot;
received msg &quot;4&quot;
received msg &quot;5&quot;
received msg &quot;6&quot;
received msg &quot;7&quot;
received msg &quot;8&quot;
.received msg &quot;1&quot;
received msg &quot;2&quot;
received msg &quot;3&quot;
received msg &quot;4&quot;
received msg &quot;5&quot;
received msg &quot;6&quot;
received msg &quot;7&quot;
received msg &quot;8&quot;
.received msg &quot;1&quot;
received msg &quot;2&quot;
received msg &quot;3&quot;
received msg &quot;4&quot;
received msg &quot;5&quot;
received msg &quot;6&quot;
received msg &quot;7&quot;
received msg &quot;8&quot;
.received msg &quot;1&quot;
received msg &quot;2&quot;
received msg &quot;3&quot;
received msg &quot;4&quot;
received msg &quot;5&quot;
received msg &quot;6&quot;
received msg &quot;7&quot;
received msg &quot;8&quot;.
received msg &quot;1&quot;
received msg &quot;2&quot;
received msg &quot;3&quot;
received msg &quot;4&quot;
received msg &quot;5&quot;
received msg &quot;6&quot;
received msg &quot;7&quot;
received msg &quot;8&quot;
.received msg &quot;1&quot;
received msg &quot;2&quot;
received msg &quot;3&quot;
received msg &quot;4&quot;
received msg &quot;5&quot;
received msg &quot;6&quot;
received msg &quot;7&quot;
received msg &quot;8&quot;
.received msg &quot;1&quot;
received msg &quot;2&quot;
received msg &quot;3&quot;
received msg &quot;4&quot;
received msg &quot;5&quot;
received msg &quot;6&quot;
received msg &quot;7&quot;
received msg &quot;8&quot;
.received msg &quot;1&quot;
received msg &quot;2&quot;
received msg &quot;3&quot;
received msg &quot;4&quot;
received msg &quot;5&quot;
received msg &quot;6&quot;
received msg &quot;7&quot;
received msg &quot;8&quot;
.received msg &quot;1&quot;
received msg &quot;2&quot;
received msg &quot;3&quot;
received msg &quot;4&quot;
received msg &quot;5&quot;
received msg &quot;6&quot;
received msg &quot;7&quot;
received msg &quot;8&quot;
.received msg &quot;1&quot;
received msg &quot;2&quot;
received msg &quot;3&quot;
received msg &quot;4&quot;
received msg &quot;5&quot;
received msg &quot;6&quot;
received msg &quot;7&quot;
received msg &quot;8&quot;
.received msg &quot;1&quot;
received msg &quot;2&quot;
received msg &quot;3&quot;
received msg &quot;4&quot;
received msg &quot;5&quot;
received msg &quot;6&quot;
received msg &quot;7&quot;
received msg &quot;8&quot;
.received msg &quot;1&quot;
received msg &quot;2&quot;
received msg &quot;3&quot;
received msg &quot;4&quot;
received msg &quot;5&quot;
received msg &quot;6&quot;
received msg &quot;7&quot;
received msg &quot;8&quot;
.received msg &quot;1&quot;
received msg &quot;2&quot;
received msg &quot;3&quot;
received msg &quot;4&quot;
received msg &quot;5&quot;
received msg &quot;6&quot;
received msg &quot;7&quot;
received msg &quot;8&quot;
.received msg &quot;1&quot;
received msg &quot;2&quot;
received msg &quot;3&quot;
received msg &quot;4&quot;
received msg &quot;5&quot;
received msg &quot;6&quot;
received msg &quot;7&quot;
received msg &quot;8&quot;.
received msg &quot;1&quot;
received msg &quot;2&quot;
received msg &quot;3&quot;
received msg &quot;4&quot;
received msg &quot;5&quot;
received msg &quot;6&quot;
received msg &quot;7&quot;
received msg &quot;8&quot;.
received msg &quot;1&quot;
received msg &quot;2&quot;
received msg &quot;3&quot;
received msg &quot;4&quot;
received msg &quot;5&quot;
received msg &quot;6&quot;
received msg &quot;7&quot;
received msg &quot;8&quot;
.received msg &quot;1&quot;
received msg &quot;2&quot;
received msg &quot;3&quot;
received msg &quot;4&quot;
received msg &quot;5&quot;
received msg &quot;6&quot;
received msg &quot;7&quot;
received msg &quot;8&quot;.
received msg &quot;1&quot;
received msg &quot;2&quot;
received msg &quot;3&quot;
received msg &quot;4&quot;
received msg &quot;5&quot;
received msg &quot;6&quot;
received msg &quot;7&quot;
received msg &quot;8&quot;.
received msg &quot;1&quot;
received msg &quot;2&quot;
received msg &quot;3&quot;
received msg &quot;4&quot;
received msg &quot;5&quot;
received msg &quot;6&quot;
received msg &quot;7&quot;
received msg &quot;8&quot;.
received msg &quot;1&quot;
received msg &quot;2&quot;
received msg &quot;3&quot;
received msg &quot;4&quot;
received msg &quot;5&quot;
received msg &quot;6&quot;
received msg &quot;7&quot;
received msg &quot;8&quot;.
received msg &quot;1&quot;
received msg &quot;2&quot;
received msg &quot;3&quot;
received msg &quot;4&quot;
received msg &quot;5&quot;
received msg &quot;6&quot;
received msg &quot;7&quot;
received msg &quot;8&quot;.
received msg &quot;1&quot;
received msg &quot;2&quot;
received msg &quot;3&quot;
received msg &quot;4&quot;
received msg &quot;5&quot;
received msg &quot;6&quot;
received msg &quot;7&quot;
received msg &quot;8&quot;.
received msg &quot;1&quot;
received msg &quot;2&quot;
received msg &quot;3&quot;
received msg &quot;4&quot;
received msg &quot;5&quot;
received msg &quot;6&quot;
received msg &quot;7&quot;
received msg &quot;8&quot;.
received msg &quot;1&quot;
received msg &quot;2&quot;
received msg &quot;3&quot;
received msg &quot;4&quot;
received msg &quot;5&quot;
[...]
going to sleep 114 usecs...
going to sleep 113 usecs...
going to sleep 112 usecs...
going to sleep 111 usecs...
going to sleep 110 usecs...
going to sleep 109 usecs...
going to sleep 108 usecs...
going to sleep 107 usecs...
going to sleep 106 usecs...
going to sleep 105 usecs...
going to sleep 104 usecs...
going to sleep 103 usecs...
going to sleep 102 usecs...
going to sleep 101 usecs...
going to sleep 100 usecs...
going to sleep 99 usecs...
going to sleep 98 usecs...
going to sleep 97 usecs...
going to sleep 96 usecs...
going to sleep 95 usecs...
going to sleep 94 usecs...
going to sleep 93 usecs...
going to sleep 92 usecs...
going to sleep 91 usecs...
going to sleep 90 usecs...
going to sleep 89 usecs...
going to sleep 88 usecs...
going to sleep 87 usecs...
going to sleep 86 usecs...
going to sleep 85 usecs...
going to sleep 84 usecs...
going to sleep 83 usecs...
going to sleep 82 usecs...
going to sleep 81 usecs...
going to sleep 80 usecs...
going to sleep 79 usecs...
going to sleep 78 usecs...
going to sleep 77 usecs...
going to sleep 76 usecs...
going to sleep 75 usecs...
going to sleep 74 usecs...
going to sleep 73 usecs...
going to sleep 72 usecs...
going to sleep 71 usecs...
going to sleep 70 usecs...
going to sleep 69 usecs...
going to sleep 68 usecs...
going to sleep 67 usecs...
going to sleep 66 usecs...
going to sleep 65 usecs...
going to sleep 64 usecs...
going to sleep 63 usecs...
going to sleep 62 usecs...
going to sleep 61 usecs...
going to sleep 60 usecs...
going to sleep 59 usecs...
going to sleep 58 usecs...
going to sleep 57 usecs...
going to sleep 56 usecs...
going to sleep 55 usecs...
going to sleep 54 usecs...
going to sleep 53 usecs...
going to sleep 52 usecs...
going to sleep 51 usecs...
going to sleep 50 usecs...
going to sleep 49 usecs...
going to sleep 48 usecs...
going to sleep 47 usecs...
going to sleep 46 usecs...
going to sleep 45 usecs...
going to sleep 44 usecs...
going to sleep 43 usecs...
going to sleep 42 usecs...
going to sleep 41 usecs...
going to sleep 40 usecs...
going to sleep 39 usecs...
going to sleep 38 usecs...
going to sleep 37 usecs...
going to sleep 36 usecs...
going to sleep 35 usecs...
going to sleep 34 usecs...
going to sleep 33 usecs...
going to sleep 32 usecs...
going to sleep 31 usecs...
going to sleep 30 usecs...
going to sleep 29 usecs...
going to sleep 28 usecs...
going to sleep 27 usecs...
going to sleep 26 usecs...
going to sleep 25 usecs...
going to sleep 24 usecs...
going to sleep 23 usecs...
going to sleep 22 usecs...
going to sleep 21 usecs...
going to sleep 20 usecs...
going to sleep 19 usecs...
going to sleep 18 usecs...
going to sleep 17 usecs...
going to sleep 16 usecs...
going to sleep 15 usecs...
going to sleep 14 usecs...
going to sleep 13 usecs...
going to sleep 12 usecs...
going to sleep 11 usecs...
going to sleep 10 usecs...
going to sleep 9 usecs...
going to sleep 8 usecs...
going to sleep 7 usecs...
going to sleep 6 usecs...
going to sleep 5 usecs...
going to sleep 4 usecs...
going to sleep 3 usecs...
going to sleep 2 usecs...
going to sleep 1 usecs...
going to sleep 0 usecs...
[SUCCE

</system-out>
		</testcase>
		<testcase name="tests/ztimer64_msg" time="62.006600" timestamp="1682356262.6368835">
			<system-out>
r
ssh -t rici@saclay.iot-lab.info 'socat - tcp:samr21-10.saclay.iot-lab.info:20000' 
READY
s
START
main(): This is RIOT! (Version: buildtest)
This is thread 2
sending 1st msg
now=3:441407 -&gt; every 2.0s: Hello World
sending 2nd msg
now=3:446558 -&gt; every 5.0s: This is a Test
This is thread 3
sec=4 min=0 hour=0
now=5:445219 -&gt; every 2.0s: Hello World
sec=5 min=0 hour=0
sec=6 min=0 hour=0
now=7:449032 -&gt; every 2.0s: Hello World
sec=7 min=0 hour=0
now=8:450635 -&gt; every 5.0s: This is a Test
sec=8 min=0 hour=0
now=9:452845 -&gt; every 2.0s: Hello World
sec=9 min=0 hour=0
sec=10 min=0 hour=0
now=11:456659 -&gt; every 2.0s: Hello World
sec=11 min=0 hour=0
sec=12 min=0 hour=0
now=13:454713 -&gt; every 5.0s: This is a Test
now=13:460562 -&gt; every 2.0s: Hello World
sec=13 min=0 hour=0
sec=14 min=0 hour=0
now=15:464465 -&gt; every 2.0s: Hello World
sec=15 min=0 hour=0
sec=16 min=0 hour=0
now=17:468368 -&gt; every 2.0s: Hello World
sec=17 min=0 hour=0
now=18:458879 -&gt; every 5.0s: This is a Test
sec=18 min=0 hour=0
now=19:472271 -&gt; every 2.0s: Hello World
sec=19 min=0 hour=0
sec=20 min=0 hour=0
now=21:476174 -&gt; every 2.0s: Hello World
sec=21 min=0 hour=0
sec=22 min=0 hour=0
now=23:463046 -&gt; every 5.0s: This is a Test
now=23:480078 -&gt; every 2.0s: Hello World
sec=23 min=0 hour=0
sec=24 min=0 hour=0
now=25:483982 -&gt; every 2.0s: Hello World
sec=25 min=0 hour=0
sec=26 min=0 hour=0
now=27:487886 -&gt; every 2.0s: Hello World
sec=27 min=0 hour=0
now=28:467214 -&gt; every 5.0s: This is a Test
sec=28 min=0 hour=0
now=29:491790 -&gt; every 2.0s: Hello World
sec=29 min=0 hour=0
sec=30 min=0 hour=0
now=31:495694 -&gt; every 2.0s: Hello World
sec=31 min=0 hour=0
sec=32 min=0 hour=0
now=33:471381 -&gt; every 5.0s: This is a Test
now=33:499598 -&gt; every 2.0s: Hello World
sec=33 min=0 hour=0
sec=34 min=0 hour=0
now=35:503503 -&gt; every 2.0s: Hello World
sec=35 min=0 hour=0
sec=36 min=0 hour=0
now=37:507407 -&gt; every 2.0s: Hello World
sec=37 min=0 hour=0
now=38:475549 -&gt; every 5.0s: This is a Test

</system-out>
		</testcase>
		<testcase name="tests/ztimer_msg" time="61.810439" timestamp="1682356324.6434987">
			<system-out>
r
ssh -t rici@saclay.iot-lab.info 'socat - tcp:samr21-10.saclay.iot-lab.info:20000' 
READY
s
START
main(): This is RIOT! (Version: buildtest)
This is thread 2
sending 1st msg
now=3:474539 -&gt; every 2.0s: Hello World
sending 2nd msg
now=3:479637 -&gt; every 5.0s: This is a Test
This is thread 3
sec=4 min=0 hour=0
now=5:478256 -&gt; every 2.0s: Hello World
sec=5 min=0 hour=0
sec=6 min=0 hour=0
now=7:481973 -&gt; every 2.0s: Hello World
sec=7 min=0 hour=0
now=8:483617 -&gt; every 5.0s: This is a Test
sec=8 min=0 hour=0
now=9:485689 -&gt; every 2.0s: Hello World
sec=9 min=0 hour=0
sec=10 min=0 hour=0
now=11:489406 -&gt; every 2.0s: Hello World
sec=11 min=0 hour=0
sec=12 min=0 hour=0
now=13:487597 -&gt; every 5.0s: This is a Test
now=13:493210 -&gt; every 2.0s: Hello World
sec=13 min=0 hour=0
sec=14 min=0 hour=0
now=15:497015 -&gt; every 2.0s: Hello World
sec=15 min=0 hour=0
sec=16 min=0 hour=0
now=17:500820 -&gt; every 2.0s: Hello World
sec=17 min=0 hour=0
now=18:491666 -&gt; every 5.0s: This is a Test
sec=18 min=0 hour=0
now=19:504627 -&gt; every 2.0s: Hello World
sec=19 min=0 hour=0
sec=20 min=0 hour=0
now=21:508434 -&gt; every 2.0s: Hello World
sec=21 min=0 hour=0
sec=22 min=0 hour=0
now=23:495736 -&gt; every 5.0s: This is a Test
now=23:512240 -&gt; every 2.0s: Hello World
sec=23 min=0 hour=0
sec=24 min=0 hour=0
now=25:516047 -&gt; every 2.0s: Hello World
sec=25 min=0 hour=0
sec=26 min=0 hour=0
now=27:519854 -&gt; every 2.0s: Hello World
sec=27 min=0 hour=0
now=28:499807 -&gt; every 5.0s: This is a Test
sec=28 min=0 hour=0
now=29:523661 -&gt; every 2.0s: Hello World
sec=29 min=0 hour=0
sec=30 min=0 hour=0
now=31:527468 -&gt; every 2.0s: Hello World
sec=31 min=0 hour=0
sec=32 min=0 hour=0
now=33:503878 -&gt; every 5.0s: This is a Test
now=33:531274 -&gt; every 2.0s: Hello World
sec=33 min=0 hour=0
sec=34 min=0 hour=0
now=35:535081 -&gt; every 2.0s: Hello World
sec=35 min=0 hour=0
sec=36 min=0 hour=0
now=37:538888 -&gt; every 2.0s: Hello World
sec=37 min=0 hour=0
now=38:507949 -&gt; every 5.0s: This is a Test

</system-out>
		</testcase>
		<testcase name="tests/ztimer_mutex_lock_timeout" time="26.938421" timestamp="1682356386.453953">
			<system-out>
r
ssh -t rici@saclay.iot-lab.info 'socat - tcp:samr21-10.saclay.iot-lab.info:20000' 
READY
s
START
main(): This is RIOT! (Version: buildtest)
Test Application for ztimer_mutex_lock_timeout_timeout()
================================================

Test on unlocked mutex with zero timeout: OK
Test on unlocked mutex with small timeout: OK
Test on unlocked mutex with large timeout: OK
Test on locked mutex with zero timeout: OK
Test on locked mutex with small timeout: OK
Test on locked mutex with large timeout: OK
TEST PASSED


</system-out>
		</testcase>
		<testcase name="tests/ztimer_ondemand_benchmark" time="3.182117" timestamp="1682356413.392393">
			<skipped type="skipped" message="tests/ztimer_ondemand_benchmark has no tests"/>
		</testcase>
		<testcase name="tests/ztimer_overhead" time="28.133258" timestamp="1682356416.5745268">
			<system-out>
r
ssh -t rici@saclay.iot-lab.info 'socat - tcp:samr21-10.saclay.iot-lab.info:20000' 
READY
s
START
main(): This is RIOT! (Version: buildtest)
ZTIMER_USEC auto_adjust params:
    ZTIMER_USEC-&gt;adjust_set = 36
    ZTIMER_USEC-&gt;adjust_sleep = 41
ZTIMER_USEC auto_adjust params cleared
zitmer_overhead_set...
min=36 max=36 avg_diff=36
zitmer_overhead_sleep...
min=41 max=42 avg_diff=41
ZTIMER_USEC adjust params for samr21-xpro:
    CONFIG_ZTIMER_USEC_ADJUST_SET    36
    CONFIG_ZTIMER_USEC_ADJUST_SLEEP  41


</system-out>
		</testcase>
		<testcase name="tests/ztimer_periodic" time="26.526522" timestamp="1682356444.7078092">
			<system-out>
r
ssh -t rici@saclay.iot-lab.info 'socat - tcp:samr21-10.saclay.iot-lab.info:20000' 
READY
s
START
main(): This is RIOT! (Version: buildtest)
Testing clock: ZTIMER_MSEC
i: 0 time: 3592 offset: 0
i: 1 time: 3692 offset: 0
i: 2 time: 3792 offset: 0
i: 3 time: 3892 offset: 0
i: 4 time: 3992 offset: 0
Testing clock: ZTIMER_USEC
i: 0 time: 4017222 offset: 47
i: 1 time: 4027223 offset: 1
i: 2 time: 4037223 offset: 0
i: 3 time: 4047223 offset: 0
i: 4 time: 4057222 offset: 1
Test successful.


</system-out>
		</testcase>
		<testcase name="tests/ztimer_rmutex_lock_timeout" time="27.324657" timestamp="1682356471.234356">
			<system-out>


ssh -t rici@saclay.iot-lab.info 'socat - tcp:samr21-10.saclay.iot-lab.info:20000' 

&gt; 
&gt; help
t1
help
Command              Description
---------------------------------------
t1                   See main.c
t2                   See main.c
t3                   See main.c
t4                   See main.c
t5                   See main.c
&gt; t1
OK

&gt; t2
t2
OK

&gt; t3
t3
OK

&gt; t4
t4
OK

&gt; t5
t5
OK

&gt; 

</system-out>
		</testcase>
		<testcase name="tests/ztimer_underflow" time="26.649624" timestamp="1682356498.5590355">
			<system-out>
r
ssh -t rici@saclay.iot-lab.info 'socat - tcp:samr21-10.saclay.iot-lab.info:20000' 
READY
s
START
main(): This is RIOT! (Version: buildtest)
Looping over ztimer clock ZTIMER_USEC
Loop 0
Loop 1
Loop 2
Loop 3
Loop 4
Loop 5
Loop 6
Loop 7
Loop 8
Loop 9
Loop 10
Loop 11
Loop 12
Loop 13
Loop 14
Loop 15
Loop 16
Loop 17
Loop 18
Loop 19
Loop 20
Loop 21
Loop 22
Loop 23
Loop 24
Loop 25
Loop 26
Loop 27
Loop 28
Loop 29
Loop 30
Loop 31
Loop 32
Loop 33
Loop 34
Loop 35
Loop 36
Loop 37
Loop 38
Loop 39
Loop 40
Loop 41
Loop 42
Loop 43
Loop 44
Loop 45
Loop 46
Loop 47
Loop 48
Loop 49
Loop 50
Loop 51
Loop 52
Loop 53
Loop 54
Loop 55
Loop 56
Loop 57
Loop 58
Loop 59
Loop 60
Loop 61
Loop 62
Loop 63
Loop 64
Loop 65
Loop 66
Loop 67
Loop 68
Loop 69
Loop 70
Loop 71
Loop 72
Loop 73
Loop 74
Loop 75
Loop 76
Loop 77
Loop 78
Loop 79
Loop 80
Loop 81
Loop 82
Loop 83
Loop 84
Loop 85
Loop 86
Loop 87
Loop 88
Loop 89
Loop 90
Loop 91
Loop 92
Loop 93
Loop 94
Loop 95
Loop 96
Loop 97
Loop 98
Loop 99
Loop 100
Loop 101
Loop 102
Loop 103
Loop 104
Loop 105
Loop 106
Loop 107
Loop 108
Loop 109
Loop 110
Loop 111
Loop 112
Loop 113
Loop 114
Loop 115
Loop 116
Loop 117
Loop 118
Loop 119
Loop 120
Loop 121
Loop 122
Loop 123
Loop 124
Loop 125
Loop 126
Loop 127
Loop 128
Loop 129
Loop 130
Loop 131
Loop 132
Loop 133
Loop 134
Loop 135
Loop 136
Loop 137
Loop 138
Loop 139
Loop 140
Loop 141
Loop 142
Loop 143
Loop 144
Loop 145
Loop 146
Loop 147
Loop 148
Loop 149
Loop 150
Loop 151
Loop 152
Loop 153
Loop 154
Loop 155
Loop 156
Loop 157
Loop 158
Loop 159
Loop 160
Loop 161
Loop 162
Loop 163
Loop 164
Loop 165
Loop 166
Loop 167
Loop 168
Loop 169
Loop 170
Loop 171
Loop 172
Loop 173
Loop 174
Loop 175
Loop 176
Loop 177
Loop 178
Loop 179
Loop 180
Loop 181
Loop 182
Loop 183
Loop 184
Loop 185
Loop 186
Loop 187
Loop 188
Loop 189
Loop 190
Loop 191
Loop 192
Loop 193
Loop 194
Loop 195
Loop 196
Loop 197
Loop 198
Loop 199
Loop 200
Loop 201
Loop 202
Loop 203
Loop 204
Loop 205
Loop 206
Loop 207
Loop 208
Loop 209
Loop 210
Loop 211
Loop 212
Loop 213
Loop 214
Loop 215
Loop 216
Loop 217
Loop 218
Loop 219
Loop 220
Loop 221
Loop 222
Loop 223
Loop 224
Loop 225
Loop 226
Loop 227
Loop 228
Loop 229
Loop 230
Loop 231
Loop 232
Loop 233
Loop 234
Loop 235
Loop 236
Loop 237
Loop 238
Loop 239
Loop 240
Loop 241
Loop 242
Loop 243
Loop 244
Loop 245
Loop 246
Loop 247
Loop 248
Loop 249
Loop 250
Loop 251
Loop 252
Loop 253
Loop 254
Loop 255
Loop 256
Loop 257
Loop 258
Loop 259
Loop 260
Loop 261
Loop 262
Loop 263
Loop 264
Loop 265
Loop 266
Loop 267
Loop 268
Loop 269
Loop 270
Loop 271
Loop 272
Loop 273
Loop 274
Loop 275
Loop 276
Loop 277
Loop 278
Loop 279
Loop 280
Loop 281
Loop 282
Loop 283
Loop 284
Loop 285
Loop 286
Loop 287
Loop 288
Loop 289
Loop 290
Loop 291
Loop 292
Loop 293
Loop 294
Loop 295
Loop 296
Loop 297
Loop 298
Loop 299
Loop 300
Loop 301
Loop 302
Loop 303
Loop 304
Loop 305
Loop 306
Loop 307
Loop 308
Loop 309
Loop 310
Loop 311
Loop 312
Loop 313
Loop 314
Loop 315
Loop 316
Loop 317
Loop 318
Loop 319
Loop 320
Loop 321
Loop 322
Loop 323
Loop 324
Loop 325
Loop 326
Loop 327
Loop 328
Loop 329
Loop 330
Loop 331
Loop 332
Loop 333
Loop 334
Loop 335
Loop 336
Loop 337
Loop 338
Loop 339
Loop 340
Loop 341
Loop 342
Loop 343
Loop 344
Loop 345
Loop 346
Loop 347
Loop 348
Loop 349
Loop 350
Loop 351
Loop 352
Loop 353
Loop 354
Loop 355
Loop 356
Loop 357
Loop 358
Loop 359
Loop 360
Loop 361
Loop 362
Loop 363
Loop 364
Loop 365
Loop 366
Loop 367
Loop 368
Loop 369
Loop 370
Loop 371
Loop 372
Loop 373
Loop 374
Loop 375
Loop 376
Loop 377
Loop 378
Loop 379
Loop 380
Loop 381
Loop 382
Loop 383
Loop 384
Loop 385
Loop 386
Loop 387
Loop 388
Loop 389
Loop 390
Loop 391
Loop 392
Loop 393
Loop 394
Loop 395
Loop 396
Loop 397
Loop 398
Loop 399
Loop 400
Loop 401
Loop 402
Loop 403
Loop 404
Loop 405
Loop 406
Loop 407
Loop 408
Loop 409
Loop 410
Loop 411
Loop 412
Loop 413
Loop 414
Loop 415
Loop 416
Loop 417
Loop 418
Loop 419
Loop 420
Loop 421
Loop 422
Loop 423
Loop 424
Loop 425
Loop 426
Loop 427
Loop 428
Loop 429
Loop 430
Loop 431
Loop 432
Loop 433
Loop 434
Loop 435
Loop 436
Loop 437
Loop 438
Loop 439
Loop 440
Loop 441
Loop 442
Loop 443
Loop 444
Loop 445
Loop 446
Loop 447
Loop 448
Loop 449
Loop 450
Loop 451
Loop 452
Loop 453
Loop 454
Loop 455
Loop 456
Loop 457
Loop 458
Loop 459
Loop 460
Loop 461
Loop 462
Loop 463
Loop 464
Loop 465
Loop 466
Loop 467
Loop 468
Loop 469
Loop 470
Loop 471
Loop 472
Loop 473
Loop 474
Loop 475
Loop 476
Loop 477
Loop 478
Loop 479
Loop 480
Loop 481
Loop 482
Loop 483
Loop 484
Loop 485
Loop 486
Loop 487
Loop 488
Loop 489
Loop 490
Loop 491
Loop 492
Loop 493
Loop 494
Loop 495
Loop 496
Loop 497
Loop 498
Loop 499
Loop 500
Loop 501
Loop 502
Loop 503
Loop 504
Loop 505
Loop 506
Loop 507
Loop 508
Loop 509
Loop 510
Loop 511
Loop 512
Loop 513
Loop 514
Loop 515
Loop 516
Loop 517
Loop 518
Loop 519
Loop 520
Loop 521
Loop 522
Loop 523
Loop 524
Loop 525
Loop 526
Loop 527
Loop 528
Loop 529
Loop 530
Loop 531
Loop 532
Loop 533
Loop 534
Loop 535
Loop 536
Loop 537
Loop 538
Loop 539
Loop 540
Loop 541
Loop 542
Loop 543
Loop 544
Loop 545
Loop 546
Loop 547
Loop 548
Loop 549
Loop 550
Loop 551
Loop 552
Loop 553
Loop 554
Loop 555
Loop 556
Loop 557
Loop 558
Loop 559
Loop 560
Loop 561
Loop 562
Loop 563
Loop 564
Loop 565
Loop 566
Loop 567
Loop 568
Loop 569
Loop 570
Loop 571
Loop 572
Loop 573
Loop 574
Loop 575
Loop 576
Loop 577
Loop 578
Loop 579
Loop 580
Loop 581
Loop 582
Loop 583
Loop 584
Loop 585
Loop 586
Loop 587
Loop 588
Loop 589
Loop 590
Loop 591
Loop 592
Loop 593
Loop 594
Loop 595
Loop 596
Loop 597
Loop 598
Loop 599
Loop 600
Loop 601
Loop 602
Loop 603
Loop 604
Loop 605
Loop 606
Loop 607
Loop 608
Loop 609
Loop 610
Loop 611
Loop 612
Loop 613
Loop 614
Loop 615
Loop 616
Loop 617
Loop 618
Loop 619
Loop 620
Loop 621
Loop 622
Loop 623
Loop 624
Loop 625
Loop 626
Loop 627
Loop 628
Loop 629
Loop 630
Loop 631
Loop 632
Loop 633
Loop 634
Loop 635
Loop 636
Loop 637
Loop 638
Loop 639
Loop 640
Loop 641
Loop 642
Loop 643
Loop 644
Loop 645
Loop 646
Loop 647
Loop 648
Loop 649
Loop 650
Loop 651
Loop 652
Loop 653
Loop 654
Loop 655
Loop 656
Loop 657
Loop 658
Loop 659
Loop 660
Loop 661
Loop 662
Loop 663
Loop 664
Loop 665
Loop 666
Loop 667
Loop 668
Loop 669
Loop 670
Loop 671
Loop 672
Loop 673
Loop 674
Loop 675
Loop 676
Loop 677
Loop 678
Loop 679
Loop 680
Loop 681
Loop 682
Loop 683
Loop 684
Loop 685
Loop 686
Loop 687
Loop 688
Loop 689
Loop 690
Loop 691
Loop 692
Loop 693
Loop 694
Loop 695
Loop 696
Loop 697
Loop 698
Loop 699
Loop 700
Loop 701
Loop 702
Loop 703
Loop 704
Loop 705
Loop 706
Loop 707
Loop 708
Loop 709
Loop 710
Loop 711
Loop 712
Loop 713
Loop 714
Loop 715
Loop 716
Loop 717
Loop 718
Loop 719
Loop 720
Loop 721
Loop 722
Loop 723
Loop 724
Loop 725
Loop 726
Loop 727
Loop 728
Loop 729
Loop 730
Loop 731
Loop 732
Loop 733
Loop 734
Loop 735
Loop 736
Loop 737
Loop 738
Loop 739
Loop 740
Loop 741
Loop 742
Loop 743
Loop 744
Loop 745
Loop 746
Loop 747
Loop 748
Loop 749
Loop 750
Loop 751
Loop 752
Loop 753
Loop 754
Loop 755
Loop 756
Loop 757
Loop 758
Loop 759
Loop 760
Loop 761
Loop 762
Loop 763
Loop 764
Loop 765
Loop 766
Loop 767
Loop 768
Loop 769
Loop 770
Loop 771
Loop 772
Loop 773
Loop 774
Loop 775
Loop 776
Loop 777
Loop 778
Loop 779
Loop 780
Loop 781
Loop 782
Loop 783
Loop 784
Loop 785
Loop 786
Loop 787
Loop 788
Loop 789
Loop 790
Loop 791
Loop 792
Loop 793
Loop 794
Loop 795
Loop 796
Loop 797
Loop 798
Loop 799
Loop 800
Loop 801
Loop 802
Loop 803
Loop 804
Loop 805
Loop 806
Loop 807
Loop 808
Loop 809
Loop 810
Loop 811
Loop 812
Loop 813
Loop 814
Loop 815
Loop 816
Loop 817
Loop 818
Loop 819
Loop 820
Loop 821
Loop 822
Loop 823
Loop 824
Loop 825
Loop 826
Loop 827
Loop 828
Loop 829
Loop 830
Loop 831
Loop 832
Loop 833
Loop 834
Loop 835
Loop 836
Loop 837
Loop 838
Loop 839
Loop 840
Loop 841
Loop 842
Loop 843
Loop 844
Loop 845
Loop 846
Loop 847
Loop 848
Loop 849
Loop 850
Loop 851
Loop 852
Loop 853
Loop 854
Loop 855
Loop 856
Loop 857
Loop 858
Loop 859
Loop 860
Loop 861
Loop 862
Loop 863
Loop 864
Loop 865
Loop 866
Loop 867
Loop 868
Loop 869
Loop 870
Loop 871
Loop 872
Loop 873
Loop 874
Loop 875
Loop 876
Loop 877
Loop 878
Loop 879
Loop 880
Loop 881
Loop 882
Loop 883
Loop 884
Loop 885
Loop 886
Loop 887
Loop 888
Loop 889
Loop 890
Loop 891
Loop 892
Loop 893
Loop 894
Loop 895
Loop 896
Loop 897
Loop 898
Loop 899
Loop 900
Loop 901
Loop 902
Loop 903
Loop 904
Loop 905
Loop 906
Loop 907
Loop 908
Loop 909
Loop 910
Loop 911
Loop 912
Loop 913
Loop 914
Loop 915
Loop 916
Loop 917
Loop 918
Loop 919
Loop 920
Loop 921
Loop 922
Loop 923
Loop 924
Loop 925
Loop 926
Loop 927
Loop 928
Loop 929
Loop 930
Loop 931
Loop 932
Loop 933
Loop 934
Loop 935
Loop 936
Loop 937
Loop 938
Loop 939
Loop 940
Loop 941
Loop 942
Loop 943
Loop 944
Loop 945
Loop 946
Loop 947
Loop 948
Loop 949
Loop 950
Loop 951
Loop 952
Loop 953
Loop 954
Loop 955
Loop 956
Loop 957
Loop 958
Loop 959
Loop 960
Loop 961
Loop 962
Loop 963
Loop 964
Loop 965
Loop 966
Loop 967
Loop 968
Loop 969
Loop 970
Loop 971
Loop 972
Loop 973
Loop 974
Loop 975
Loop 976
Loop 977
Loop 978
Loop 979
Loop 980
Loop 981
Loop 982
Loop 983
Loop 984
Loop 985
Loop 986
Loop 987
Loop 988
Loop 989
Loop 990
Loop 991
Loop 992
Loop 993
Loop 994
Loop 995
Loop 996
Loop 997
Loop 998
Loop 999
SUCCESS!

</system-out>
		</testcase>
		<testcase name="tests/ztimer_xsec" time="27.041447" timestamp="1682356525.2086804">
			<system-out>
r
ssh -t rici@saclay.iot-lab.info 'socat - tcp:samr21-10.saclay.iot-lab.info:20000' 
READY
s
START
main(): This is RIOT! (Version: buildtest)
starting ztimers
time Wait:	3482799
waiting for locks
USEC
MSEC
SEC
time SEC:	4482756
time MSEC:	3682799
time USEC:	3582811
SUCCESS!
{ &quot;threads&quot;: [{ &quot;name&quot;: &quot;main&quot;, &quot;stack_size&quot;: 1536, &quot;stack_used&quot;: 420 }]}


</system-out>
		</testcase>
	</testsuite>
</testsuites>
